   Compiling program-escrow v0.1.0 (/home/merlinthewhiz/Documents/grainlify/contracts/program-escrow)
error[E0432]: unresolved import `program_escrow`
 --> tests/metadata_tests.rs:2:5
  |
2 | use program_escrow::{
  |     ^^^^^^^^^^^^^^ use of unresolved module or unlinked crate `program_escrow`
  |
  = help: if you wanted to use a crate named `program_escrow`, use `cargo add program_escrow` to add it to your `Cargo.toml`

warning: use of deprecated method `soroban_sdk::Env::register_contract`: use `register`
  --> tests/metadata_tests.rs:10:27
   |
10 |     let contract_id = env.register_contract(None, ProgramEscrowContract);
   |                           ^^^^^^^^^^^^^^^^^
   |
   = note: `#[warn(deprecated)]` on by default

error[E0308]: mismatched types
  --> tests/metadata_tests.rs:31:13
   |
31 |             String::from_str(&env, "blockchain"),
   |             ^^^^^^^^^^^^^^^^^^^^^^^^^^^^^^^^^^^^ expected `&Env`, found `String`

warning: use of deprecated method `soroban_sdk::Env::register_contract`: use `register`
  --> tests/metadata_tests.rs:64:27
   |
64 |     let contract_id = env.register_contract(None, ProgramEscrowContract);
   |                           ^^^^^^^^^^^^^^^^^

warning: use of deprecated method `soroban_sdk::Env::register_contract`: use `register`
   --> tests/metadata_tests.rs:100:27
    |
100 |     let contract_id = env.register_contract(None, ProgramEscrowContract);
    |                           ^^^^^^^^^^^^^^^^^

warning: use of deprecated method `soroban_sdk::Env::register_contract`: use `register`
   --> tests/metadata_tests.rs:137:27
    |
137 |     let contract_id = env.register_contract(None, ProgramEscrowContract);
    |                           ^^^^^^^^^^^^^^^^^

error[E0308]: mismatched types
   --> tests/metadata_tests.rs:156:26
    |
156 |         tags: vec![&env, String::from_str(&env, "simple")],
    |                          ^^^^^^^^^^^^^^^^^^^^^^^^^^^^^^^^ expected `&Env`, found `String`

warning: use of deprecated method `soroban_sdk::Env::register_contract`: use `register`
   --> tests/metadata_tests.rs:169:27
    |
169 |     let contract_id = env.register_contract(None, ProgramEscrowContract);
    |                           ^^^^^^^^^^^^^^^^^

Some errors have detailed explanations: E0308, E0432.
For more information about an error, try `rustc --explain E0308`.
warning: `program-escrow` (test "metadata_tests") generated 5 warnings
error: could not compile `program-escrow` (test "metadata_tests") due to 3 previous errors; 5 warnings emitted
warning: build failed, waiting for other jobs to finish...
warning: unused imports: `Vec` and `symbol_short`
 --> src/test.rs:4:19
  |
4 | use soroban_sdk::{symbol_short, testutils::Address as _, Address, Env, String, Vec, vec, token};
  |                   ^^^^^^^^^^^^                                                 ^^^
  |
  = note: `#[warn(unused_imports)]` (part of `#[warn(unused)]`) on by default

warning: unused import: `symbol_short`
 --> src/reentrancy_test.rs:4:41
  |
4 | use soroban_sdk::{Address, Env, String, symbol_short, testutils::Address as _};
  |                                         ^^^^^^^^^^^^

warning: unused import: `ReentrancyGuard`
   --> src/lib.rs:153:34
    |
153 | use security::reentrancy_guard::{ReentrancyGuard, ReentrancyGuardRAII};
    |                                  ^^^^^^^^^^^^^^^

warning: use of deprecated method `soroban_sdk::Env::register_stellar_asset_contract`: use [Env::register_stellar_asset_contract_v2]
 --> src/test.rs:8:29
  |
8 |     let token_address = env.register_stellar_asset_contract(admin.clone());
  |                             ^^^^^^^^^^^^^^^^^^^^^^^^^^^^^^^
  |
  = note: `#[warn(deprecated)]` on by default

warning: use of deprecated method `soroban_sdk::Env::register_contract`: use `register`
  --> src/test.rs:14:27
   |
14 |     let contract_id = env.register_contract(None, ProgramEscrowContract);
   |                           ^^^^^^^^^^^^^^^^^

warning: use of deprecated method `soroban_sdk::Env::register_contract`: use `register`
  --> src/test.rs:26:27
   |
26 |     let contract_id = env.register_contract(None, ProgramEscrowContract);
   |                           ^^^^^^^^^^^^^^^^^

warning: use of deprecated method `soroban_sdk::Env::register_contract`: use `register`
   --> src/test.rs:118:27
    |
118 |     let contract_id = env.register_contract(None, ProgramEscrowContract);
    |                           ^^^^^^^^^^^^^^^^^

error[E0599]: no method named `set_timestamp` found for struct `soroban_sdk::ledger::Ledger` in the current scope
   --> src/test.rs:289:18
    |
289 |     env.ledger().set_timestamp(1000);
    |                  ^^^^^^^^^^^^^
    |
   ::: /home/merlinthewhiz/.cargo/registry/src/index.crates.io-1949cf8c6b5b557f/soroban-sdk-22.0.9/src/testutils.rs:263:8
    |
263 |     fn set_timestamp(&self, timestamp: u64);
    |        ------------- the method is available for `soroban_sdk::ledger::Ledger` here
    |
    = help: items from traits can only be used if the trait is in scope
help: there is a method `timestamp` with a similar name, but with different arguments
   --> /home/merlinthewhiz/.cargo/registry/src/index.crates.io-1949cf8c6b5b557f/soroban-sdk-22.0.9/src/ledger.rs:87:5
    |
 87 |     pub fn timestamp(&self) -> u64 {
    |     ^^^^^^^^^^^^^^^^^^^^^^^^^^^^^^
help: trait `Ledger` which provides `set_timestamp` is implemented but not in scope; perhaps you want to import it
    |
  3 + use soroban_sdk::testutils::Ledger;
    |

warning: use of deprecated method `soroban_sdk::Env::register_contract`: use `register`
   --> src/test.rs:290:27
    |
290 |     let contract_id = env.register_contract(None, ProgramEscrowContract);
    |                           ^^^^^^^^^^^^^^^^^

error[E0599]: no method named `with_mut` found for struct `soroban_sdk::ledger::Ledger` in the current scope
   --> src/test.rs:309:18
    |
309 |     env.ledger().with_mut(|li| li.timestamp += 30);
    |                  ^^^^^^^^ method not found in `soroban_sdk::ledger::Ledger`
    |
   ::: /home/merlinthewhiz/.cargo/registry/src/index.crates.io-1949cf8c6b5b557f/soroban-sdk-22.0.9/src/testutils.rs:284:8
    |
284 |     fn with_mut<F>(&self, f: F)
    |        -------- the method is available for `soroban_sdk::ledger::Ledger` here
    |
    = help: items from traits can only be used if the trait is in scope
help: trait `Ledger` which provides `with_mut` is implemented but not in scope; perhaps you want to import it
    |
  3 + use soroban_sdk::testutils::Ledger;
    |

error[E0599]: no method named `set_timestamp` found for struct `soroban_sdk::ledger::Ledger` in the current scope
   --> src/test.rs:325:18
    |
325 |     env.ledger().set_timestamp(1000);
    |                  ^^^^^^^^^^^^^
    |
   ::: /home/merlinthewhiz/.cargo/registry/src/index.crates.io-1949cf8c6b5b557f/soroban-sdk-22.0.9/src/testutils.rs:263:8
    |
263 |     fn set_timestamp(&self, timestamp: u64);
    |        ------------- the method is available for `soroban_sdk::ledger::Ledger` here
    |
    = help: items from traits can only be used if the trait is in scope
help: there is a method `timestamp` with a similar name, but with different arguments
   --> /home/merlinthewhiz/.cargo/registry/src/index.crates.io-1949cf8c6b5b557f/soroban-sdk-22.0.9/src/ledger.rs:87:5
    |
 87 |     pub fn timestamp(&self) -> u64 {
    |     ^^^^^^^^^^^^^^^^^^^^^^^^^^^^^^
help: trait `Ledger` which provides `set_timestamp` is implemented but not in scope; perhaps you want to import it
    |
  3 + use soroban_sdk::testutils::Ledger;
    |

warning: use of deprecated method `soroban_sdk::Env::register_contract`: use `register`
   --> src/test.rs:326:27
    |
326 |     let contract_id = env.register_contract(None, ProgramEscrowContract);
    |                           ^^^^^^^^^^^^^^^^^

warning: use of deprecated method `soroban_sdk::Env::register_contract`: use `register`
   --> src/test.rs:405:27
    |
405 |     let contract_id = env.register_contract(None, ProgramEscrowContract);
    |                           ^^^^^^^^^^^^^^^^^

warning: use of deprecated method `soroban_sdk::Env::register_contract`: use `register`
  --> src/reentrancy_test.rs:11:27
   |
11 |     let contract_id = env.register_contract(None, ProgramEscrowContract);
   |                           ^^^^^^^^^^^^^^^^^

warning: use of deprecated method `soroban_sdk::Env::register_stellar_asset_contract`: use [Env::register_stellar_asset_contract_v2]
 --> src/pause_tests.rs:7:24
  |
7 |         let addr = env.register_stellar_asset_contract(admin.clone());
  |                        ^^^^^^^^^^^^^^^^^^^^^^^^^^^^^^^

warning: use of deprecated method `soroban_sdk::Env::register_contract`: use `register`
  --> src/pause_tests.rs:15:31
   |
15 |         let contract_id = env.register_contract(None, ProgramEscrowContract);
   |                               ^^^^^^^^^^^^^^^^^

warning: use of deprecated method `soroban_sdk::Env::register_contract`: use `register`
  --> src/pause_tests.rs:27:31
   |
27 |         let contract_id = env.register_contract(None, ProgramEscrowContract);
   |                               ^^^^^^^^^^^^^^^^^

warning: use of deprecated method `soroban_sdk::Env::register_contract`: use `register`
  --> src/pause_tests.rs:43:31
   |
43 |         let contract_id = env.register_contract(None, ProgramEscrowContract);
   |                               ^^^^^^^^^^^^^^^^^

warning: use of deprecated method `soroban_sdk::Env::register_contract`: use `register`
  --> src/pause_tests.rs:55:31
   |
55 |         let contract_id = env.register_contract(None, ProgramEscrowContract);
   |                               ^^^^^^^^^^^^^^^^^

warning: use of deprecated method `soroban_sdk::Env::register_contract`: use `register`
  --> src/pause_tests.rs:72:31
   |
72 |         let contract_id = env.register_contract(None, ProgramEscrowContract);
   |                               ^^^^^^^^^^^^^^^^^

warning: use of deprecated method `soroban_sdk::Env::register_contract`: use `register`
 --> src/claim_tests.rs:8:27
  |
8 |     let contract_id = env.register_contract(None, ProgramEscrowContract);
  |                           ^^^^^^^^^^^^^^^^^

warning: use of deprecated method `soroban_sdk::Env::register_stellar_asset_contract`: use [Env::register_stellar_asset_contract_v2]
  --> src/claim_tests.rs:15:26
   |
15 |     let token_addr = env.register_stellar_asset_contract(admin.clone());
   |                          ^^^^^^^^^^^^^^^^^^^^^^^^^^^^^^^

warning: unused variable: `admin`
  --> src/test.rs:66:18
   |
66 |     let (client, admin, _token, _program_id) = setup_program(&env);
   |                  ^^^^^ help: if this is intentional, prefix it with an underscore: `_admin`
   |
   = note: `#[warn(unused_variables)]` (part of `#[warn(unused)]`) on by default

warning: unused variable: `admin`
   --> src/test.rs:154:18
    |
154 |     let (client, admin, _, program_id) = setup_program(&env);
    |                  ^^^^^ help: if this is intentional, prefix it with an underscore: `_admin`

For more information about this error, try `rustc --explain E0599`.
warning: `program-escrow` (lib test) generated 21 warnings
error: could not compile `program-escrow` (lib test) due to 3 previous errors; 21 warnings emitted
