   Compiling stellar-xdr v22.1.0
   Compiling soroban-sdk-macros v22.0.9
   Compiling soroban-env-common v22.1.3
   Compiling soroban-env-host v22.1.3
   Compiling soroban-ledger-snapshot v22.0.9
   Compiling soroban-sdk v22.0.9
   Compiling program-escrow v0.1.0 (/home/merlinthewhiz/Documents/grainlify/contracts/program-escrow)
error[E0433]: failed to resolve: there are too many leading `super` keywords
 --> tests/metadata_tests.rs:2:5
  |
2 | use super::*;
  |     ^^^^^ there are too many leading `super` keywords

error[E0425]: cannot find value `ProgramEscrowContract` in this scope
 --> tests/metadata_tests.rs:8:51
  |
8 |     let contract_id = env.register_contract(None, ProgramEscrowContract);
  |                                                   ^^^^^^^^^^^^^^^^^^^^^ not found in this scope

error[E0422]: cannot find struct, variant or union type `ProgramMetadata` in this scope
  --> tests/metadata_tests.rs:21:20
   |
21 |     let metadata = ProgramMetadata {
   |                    ^^^^^^^^^^^^^^^ not found in this scope

error[E0425]: cannot find value `ProgramEscrowContract` in this scope
  --> tests/metadata_tests.rs:62:51
   |
62 |     let contract_id = env.register_contract(None, ProgramEscrowContract);
   |                                                   ^^^^^^^^^^^^^^^^^^^^^ not found in this scope

error[E0422]: cannot find struct, variant or union type `ProgramMetadata` in this scope
  --> tests/metadata_tests.rs:76:20
   |
76 |     let metadata = ProgramMetadata {
   |                    ^^^^^^^^^^^^^^^ not found in this scope

error[E0433]: failed to resolve: use of undeclared type `Error`
  --> tests/metadata_tests.rs:92:46
   |
92 |     assert_eq!(result.unwrap_err().unwrap(), Error::Unauthorized);
   |                                              ^^^^^ use of undeclared type `Error`
   |
help: consider importing one of these items
   |
 2 + use std::error::Error;
   |
 2 + use std::fmt::Error;
   |
 2 + use std::io::Error;
   |
 2 + use core::error::Error;
   |
   = and 4 other candidates

error[E0425]: cannot find value `ProgramEscrowContract` in this scope
  --> tests/metadata_tests.rs:98:51
   |
98 |     let contract_id = env.register_contract(None, ProgramEscrowContract);
   |                                                   ^^^^^^^^^^^^^^^^^^^^^ not found in this scope

error[E0422]: cannot find struct, variant or union type `ProgramMetadata` in this scope
   --> tests/metadata_tests.rs:116:30
    |
116 |     let oversized_metadata = ProgramMetadata {
    |                              ^^^^^^^^^^^^^^^ not found in this scope

error[E0433]: failed to resolve: use of undeclared type `Error`
   --> tests/metadata_tests.rs:129:46
    |
129 |     assert_eq!(result.unwrap_err().unwrap(), Error::MetadataTooLarge);
    |                                              ^^^^^ use of undeclared type `Error`
    |
help: consider importing one of these items
    |
  2 + use std::error::Error;
    |
  2 + use std::fmt::Error;
    |
  2 + use std::io::Error;
    |
  2 + use core::error::Error;
    |
    = and 4 other candidates

error[E0425]: cannot find value `ProgramEscrowContract` in this scope
   --> tests/metadata_tests.rs:135:51
    |
135 |     let contract_id = env.register_contract(None, ProgramEscrowContract);
    |                                                   ^^^^^^^^^^^^^^^^^^^^^ not found in this scope

error[E0422]: cannot find struct, variant or union type `ProgramMetadata` in this scope
   --> tests/metadata_tests.rs:148:28
    |
148 |     let partial_metadata = ProgramMetadata {
    |                            ^^^^^^^^^^^^^^^ not found in this scope

error[E0425]: cannot find value `ProgramEscrowContract` in this scope
   --> tests/metadata_tests.rs:167:51
    |
167 |     let contract_id = env.register_contract(None, ProgramEscrowContract);
    |                                                   ^^^^^^^^^^^^^^^^^^^^^ not found in this scope

error[E0433]: failed to resolve: use of undeclared type `Error`
   --> tests/metadata_tests.rs:173:46
    |
173 |     assert_eq!(result.unwrap_err().unwrap(), Error::NotInitialized);
    |                                              ^^^^^ use of undeclared type `Error`
    |
help: consider importing one of these items
    |
  2 + use std::error::Error;
    |
  2 + use std::fmt::Error;
    |
  2 + use std::io::Error;
    |
  2 + use core::error::Error;
    |
    = and 4 other candidates

error[E0433]: failed to resolve: use of undeclared type `Error`
   --> tests/metadata_tests.rs:178:46
    |
178 |     assert_eq!(result.unwrap_err().unwrap(), Error::NotInitialized);
    |                                              ^^^^^ use of undeclared type `Error`
    |
help: consider importing one of these items
    |
  2 + use std::error::Error;
    |
  2 + use std::fmt::Error;
    |
  2 + use std::io::Error;
    |
  2 + use core::error::Error;
    |
    = and 4 other candidates

warning: use of deprecated method `soroban_sdk::Env::register_contract`: use `register`
 --> tests/metadata_tests.rs:8:27
  |
8 |     let contract_id = env.register_contract(None, ProgramEscrowContract);
  |                           ^^^^^^^^^^^^^^^^^
  |
  = note: `#[warn(deprecated)]` on by default

error[E0433]: failed to resolve: use of undeclared type `ProgramEscrowContractClient`
 --> tests/metadata_tests.rs:9:18
  |
9 |     let client = ProgramEscrowContractClient::new(&env, &contract_id);
  |                  ^^^^^^^^^^^^^^^^^^^^^^^^^^^ use of undeclared type `ProgramEscrowContractClient`

error[E0308]: mismatched types
  --> tests/metadata_tests.rs:29:13
   |
29 |             String::from_str(&env, "blockchain"),
   |             ^^^^^^^^^^^^^^^^^^^^^^^^^^^^^^^^^^^^ expected `&Env`, found `String`

warning: use of deprecated method `soroban_sdk::Env::register_contract`: use `register`
  --> tests/metadata_tests.rs:62:27
   |
62 |     let contract_id = env.register_contract(None, ProgramEscrowContract);
   |                           ^^^^^^^^^^^^^^^^^

error[E0433]: failed to resolve: use of undeclared type `ProgramEscrowContractClient`
  --> tests/metadata_tests.rs:63:18
   |
63 |     let client = ProgramEscrowContractClient::new(&env, &contract_id);
   |                  ^^^^^^^^^^^^^^^^^^^^^^^^^^^ use of undeclared type `ProgramEscrowContractClient`

warning: use of deprecated method `soroban_sdk::Env::register_contract`: use `register`
  --> tests/metadata_tests.rs:98:27
   |
98 |     let contract_id = env.register_contract(None, ProgramEscrowContract);
   |                           ^^^^^^^^^^^^^^^^^

error[E0433]: failed to resolve: use of undeclared type `ProgramEscrowContractClient`
  --> tests/metadata_tests.rs:99:18
   |
99 |     let client = ProgramEscrowContractClient::new(&env, &contract_id);
   |                  ^^^^^^^^^^^^^^^^^^^^^^^^^^^ use of undeclared type `ProgramEscrowContractClient`

warning: use of deprecated method `soroban_sdk::Env::register_contract`: use `register`
   --> tests/metadata_tests.rs:135:27
    |
135 |     let contract_id = env.register_contract(None, ProgramEscrowContract);
    |                           ^^^^^^^^^^^^^^^^^

error[E0433]: failed to resolve: use of undeclared type `ProgramEscrowContractClient`
   --> tests/metadata_tests.rs:136:18
    |
136 |     let client = ProgramEscrowContractClient::new(&env, &contract_id);
    |                  ^^^^^^^^^^^^^^^^^^^^^^^^^^^ use of undeclared type `ProgramEscrowContractClient`

error[E0308]: mismatched types
   --> tests/metadata_tests.rs:154:26
    |
154 |         tags: vec![&env, String::from_str(&env, "simple")],
    |                          ^^^^^^^^^^^^^^^^^^^^^^^^^^^^^^^^ expected `&Env`, found `String`

warning: use of deprecated method `soroban_sdk::Env::register_contract`: use `register`
   --> tests/metadata_tests.rs:167:27
    |
167 |     let contract_id = env.register_contract(None, ProgramEscrowContract);
    |                           ^^^^^^^^^^^^^^^^^

error[E0433]: failed to resolve: use of undeclared type `ProgramEscrowContractClient`
   --> tests/metadata_tests.rs:168:18
    |
168 |     let client = ProgramEscrowContractClient::new(&env, &contract_id);
    |                  ^^^^^^^^^^^^^^^^^^^^^^^^^^^ use of undeclared type `ProgramEscrowContractClient`

Some errors have detailed explanations: E0308, E0422, E0425, E0433.
For more information about an error, try `rustc --explain E0308`.
warning: `program-escrow` (test "metadata_tests") generated 5 warnings
error: could not compile `program-escrow` (test "metadata_tests") due to 21 previous errors; 5 warnings emitted
warning: build failed, waiting for other jobs to finish...
warning: use of deprecated method `soroban_sdk::Env::register_stellar_asset_contract`: use [Env::register_stellar_asset_contract_v2]
 --> src/pause_tests.rs:7:24
  |
7 |         let addr = env.register_stellar_asset_contract(admin.clone());
  |                        ^^^^^^^^^^^^^^^^^^^^^^^^^^^^^^^
  |
  = note: `#[warn(deprecated)]` on by default

warning: use of deprecated method `soroban_sdk::Env::register_contract`: use `register`
  --> src/pause_tests.rs:15:31
   |
15 |         let contract_id = env.register_contract(None, ProgramEscrowContract);
   |                               ^^^^^^^^^^^^^^^^^

warning: use of deprecated method `soroban_sdk::Env::register_contract`: use `register`
  --> src/pause_tests.rs:27:31
   |
27 |         let contract_id = env.register_contract(None, ProgramEscrowContract);
   |                               ^^^^^^^^^^^^^^^^^

warning: use of deprecated method `soroban_sdk::Env::register_contract`: use `register`
  --> src/pause_tests.rs:43:31
   |
43 |         let contract_id = env.register_contract(None, ProgramEscrowContract);
   |                               ^^^^^^^^^^^^^^^^^

warning: use of deprecated method `soroban_sdk::Env::register_contract`: use `register`
  --> src/pause_tests.rs:55:31
   |
55 |         let contract_id = env.register_contract(None, ProgramEscrowContract);
   |                               ^^^^^^^^^^^^^^^^^

warning: use of deprecated method `soroban_sdk::Env::register_contract`: use `register`
  --> src/pause_tests.rs:72:31
   |
72 |         let contract_id = env.register_contract(None, ProgramEscrowContract);
   |                               ^^^^^^^^^^^^^^^^^

warning: use of deprecated method `soroban_sdk::Env::register_stellar_asset_contract`: use [Env::register_stellar_asset_contract_v2]
    --> src/lib.rs:2620:33
     |
2620 |         let token_address = env.register_stellar_asset_contract(admin.clone());
     |                                 ^^^^^^^^^^^^^^^^^^^^^^^^^^^^^^^

warning: use of deprecated method `soroban_sdk::Env::register_contract`: use `register`
    --> src/lib.rs:2667:31
     |
2667 |         let contract_id = env.register_contract(None, ProgramEscrowContract);
     |                               ^^^^^^^^^^^^^^^^^

warning: use of deprecated method `soroban_sdk::Env::register_contract`: use `register`
    --> src/lib.rs:2709:31
     |
2709 |         let contract_id = env.register_contract(None, ProgramEscrowContract);
     |                               ^^^^^^^^^^^^^^^^^

warning: use of deprecated method `soroban_sdk::Env::register_contract`: use `register`
    --> src/lib.rs:2774:31
     |
2774 |         let contract_id = env.register_contract(None, ProgramEscrowContract);
     |                               ^^^^^^^^^^^^^^^^^

warning: use of deprecated method `soroban_sdk::Env::register_contract`: use `register`
    --> src/lib.rs:2830:31
     |
2830 |         let contract_id = env.register_contract(None, ProgramEscrowContract);
     |                               ^^^^^^^^^^^^^^^^^

warning: use of deprecated method `soroban_sdk::Env::register_contract`: use `register`
    --> src/lib.rs:2875:31
     |
2875 |         let contract_id = env.register_contract(None, ProgramEscrowContract);
     |                               ^^^^^^^^^^^^^^^^^

warning: use of deprecated method `soroban_sdk::Env::register_contract`: use `register`
    --> src/lib.rs:2951:31
     |
2951 |         let contract_id = env.register_contract(None, ProgramEscrowContract);
     |                               ^^^^^^^^^^^^^^^^^

warning: use of deprecated method `soroban_sdk::Env::register_contract`: use `register`
    --> src/lib.rs:3038:31
     |
3038 |         let contract_id = env.register_contract(None, ProgramEscrowContract);
     |                               ^^^^^^^^^^^^^^^^^

warning: use of deprecated method `soroban_sdk::Env::register_contract`: use `register`
    --> src/lib.rs:3064:31
     |
3064 |         let contract_id = env.register_contract(None, ProgramEscrowContract);
     |                               ^^^^^^^^^^^^^^^^^

warning: use of deprecated method `soroban_sdk::Env::register_contract`: use `register`
    --> src/lib.rs:3109:31
     |
3109 |         let contract_id = env.register_contract(None, ProgramEscrowContract);
     |                               ^^^^^^^^^^^^^^^^^

warning: use of deprecated method `soroban_sdk::Env::register_contract`: use `register`
    --> src/lib.rs:3127:31
     |
3127 |         let contract_id = env.register_contract(None, ProgramEscrowContract);
     |                               ^^^^^^^^^^^^^^^^^

warning: use of deprecated method `soroban_sdk::Env::register_contract`: use `register`
    --> src/lib.rs:3141:31
     |
3141 |         let contract_id = env.register_contract(None, ProgramEscrowContract);
     |                               ^^^^^^^^^^^^^^^^^

warning: use of deprecated method `soroban_sdk::Env::register_contract`: use `register`
    --> src/lib.rs:3158:31
     |
3158 |         let contract_id = env.register_contract(None, ProgramEscrowContract);
     |                               ^^^^^^^^^^^^^^^^^

warning: use of deprecated method `soroban_sdk::Env::register_contract`: use `register`
    --> src/lib.rs:3182:31
     |
3182 |         let contract_id = env.register_contract(None, ProgramEscrowContract);
     |                               ^^^^^^^^^^^^^^^^^

warning: use of deprecated method `soroban_sdk::Env::register_contract`: use `register`
    --> src/lib.rs:3219:31
     |
3219 |         let contract_id = env.register_contract(None, ProgramEscrowContract);
     |                               ^^^^^^^^^^^^^^^^^

warning: use of deprecated method `soroban_sdk::Env::register_contract`: use `register`
    --> src/lib.rs:3242:31
     |
3242 |         let contract_id = env.register_contract(None, ProgramEscrowContract);
     |                               ^^^^^^^^^^^^^^^^^

warning: use of deprecated method `soroban_sdk::Env::register_contract`: use `register`
    --> src/lib.rs:3264:31
     |
3264 |         let contract_id = env.register_contract(None, ProgramEscrowContract);
     |                               ^^^^^^^^^^^^^^^^^

warning: use of deprecated method `soroban_sdk::Env::register_contract`: use `register`
    --> src/lib.rs:3287:31
     |
3287 |         let contract_id = env.register_contract(None, ProgramEscrowContract);
     |                               ^^^^^^^^^^^^^^^^^

warning: use of deprecated method `soroban_sdk::Env::register_contract`: use `register`
    --> src/lib.rs:3306:31
     |
3306 |         let contract_id = env.register_contract(None, ProgramEscrowContract);
     |                               ^^^^^^^^^^^^^^^^^

warning: use of deprecated method `soroban_sdk::Env::register_contract`: use `register`
    --> src/lib.rs:3334:31
     |
3334 |         let contract_id = env.register_contract(None, ProgramEscrowContract);
     |                               ^^^^^^^^^^^^^^^^^

warning: use of deprecated method `soroban_sdk::Env::register_contract`: use `register`
    --> src/lib.rs:3358:31
     |
3358 |         let contract_id = env.register_contract(None, ProgramEscrowContract);
     |                               ^^^^^^^^^^^^^^^^^

warning: use of deprecated method `soroban_sdk::Env::register_contract`: use `register`
    --> src/lib.rs:3379:31
     |
3379 |         let contract_id = env.register_contract(None, ProgramEscrowContract);
     |                               ^^^^^^^^^^^^^^^^^

warning: use of deprecated method `soroban_sdk::Env::register_contract`: use `register`
    --> src/lib.rs:3400:31
     |
3400 |         let contract_id = env.register_contract(None, ProgramEscrowContract);
     |                               ^^^^^^^^^^^^^^^^^

warning: constant `PROGRAM_METADATA` is never used
   --> src/lib.rs:514:7
    |
514 | const PROGRAM_METADATA: Symbol = symbol_short!("ProgMeta");
    |       ^^^^^^^^^^^^^^^^
    |
    = note: `#[warn(dead_code)]` (part of `#[warn(unused)]`) on by default

warning: `program-escrow` (lib test) generated 30 warnings
