   Compiling program-escrow v0.1.0 (/home/merlinthewhiz/Documents/grainlify/contracts/program-escrow)
error[E0425]: cannot find value `program_id` in this scope
   --> src/claim_tests.rs:984:38
    |
984 |         contract.single_payout(&env, program_id.clone(), recipient1.clone(), 25_000_000_000);
    |                                      ^^^^^^^^^^ not found in this scope

error[E0425]: cannot find value `program_id` in this scope
   --> src/claim_tests.rs:988:37
    |
988 |         contract.batch_payout(&env, program_id.clone(), batch_recipients, batch_amounts);
    |                                     ^^^^^^^^^^ not found in this scope

error[E0425]: cannot find value `program_id` in this scope
   --> src/claim_tests.rs:990:38
    |
990 |         contract.single_payout(&env, program_id.clone(), recipient1.clone(), 15_000_000_000); // Same recipient again
    |                                      ^^^^^^^^^^ not found in this scope

error[E0425]: cannot find value `program_id` in this scope
   --> src/claim_tests.rs:993:48
    |
993 |     let info = contract.get_program_info(&env, program_id.clone());
    |                                                ^^^^^^^^^^ not found in this scope

warning: unused imports: `Vec` and `symbol_short`
 --> src/claim_tests.rs:4:19
  |
4 | use soroban_sdk::{symbol_short, testutils::Address as _, Address, Env, String, Vec, vec};
  |                   ^^^^^^^^^^^^                                                 ^^^
  |
  = note: `#[warn(unused_imports)]` (part of `#[warn(unused)]`) on by default

warning: use of deprecated method `soroban_sdk::Env::register_stellar_asset_contract`: use [Env::register_stellar_asset_contract_v2]
 --> src/pause_tests.rs:7:24
  |
7 |         let addr = env.register_stellar_asset_contract(admin.clone());
  |                        ^^^^^^^^^^^^^^^^^^^^^^^^^^^^^^^
  |
  = note: `#[warn(deprecated)]` on by default

warning: use of deprecated method `soroban_sdk::Env::register_contract`: use `register`
  --> src/pause_tests.rs:15:31
   |
15 |         let contract_id = env.register_contract(None, ProgramEscrowContract);
   |                               ^^^^^^^^^^^^^^^^^

warning: use of deprecated method `soroban_sdk::Env::register_contract`: use `register`
  --> src/pause_tests.rs:27:31
   |
27 |         let contract_id = env.register_contract(None, ProgramEscrowContract);
   |                               ^^^^^^^^^^^^^^^^^

warning: use of deprecated method `soroban_sdk::Env::register_contract`: use `register`
  --> src/pause_tests.rs:43:31
   |
43 |         let contract_id = env.register_contract(None, ProgramEscrowContract);
   |                               ^^^^^^^^^^^^^^^^^

warning: use of deprecated method `soroban_sdk::Env::register_contract`: use `register`
  --> src/pause_tests.rs:55:31
   |
55 |         let contract_id = env.register_contract(None, ProgramEscrowContract);
   |                               ^^^^^^^^^^^^^^^^^

warning: use of deprecated method `soroban_sdk::Env::register_contract`: use `register`
  --> src/pause_tests.rs:72:31
   |
72 |         let contract_id = env.register_contract(None, ProgramEscrowContract);
   |                               ^^^^^^^^^^^^^^^^^

error[E0599]: no method named `init_program` found for struct `ProgramEscrowContract` in the current scope
   --> src/claim_tests.rs:14:14
    |
 14 |     contract.init_program(
    |     ---------^^^^^^^^^^^^ method not found in `ProgramEscrowContract`
    |
   ::: src/lib.rs:724:1
    |
724 | pub struct ProgramEscrowContract;
    | -------------------------------- method `init_program` not found for this struct

error[E0599]: no method named `lock_program_funds` found for struct `ProgramEscrowContract` in the current scope
    --> src/claim_tests.rs:31:14
     |
  31 |     contract.lock_program_funds(env, program_id.clone(), initial_amount);
     |     ---------^^^^^^^^^^^^^^^^^^-----------------------------------------
     |     |        |
     |     |        this is an associated function, not a method
     |     help: use associated function syntax instead: `ProgramEscrowContract::lock_program_funds(env, program_id.clone(), initial_amount)`
     |
    ::: src/lib.rs:724:1
     |
 724 | pub struct ProgramEscrowContract;
     | -------------------------------- method `lock_program_funds` not found for this struct
     |
     = note: found the following associated functions; to be used as methods, functions must have a `self` parameter
note: the candidate is defined in an impl for the type `ProgramEscrowContract`
    --> src/lib.rs:1102:5
     |
1102 |     pub fn lock_program_funds(env: Env, program_id: String, amount: i128) -> ProgramData {
     |     ^^^^^^^^^^^^^^^^^^^^^^^^^^^^^^^^^^^^^^^^^^^^^^^^^^^^^^^^^^^^^^^^^^^^^^^^^^^^^^^^^^^^

error[E0599]: no method named `init_program` found for struct `ProgramEscrowContract` in the current scope
   --> src/claim_tests.rs:47:33
    |
 47 |     let program_data = contract.init_program(
    |                        ---------^^^^^^^^^^^^ method not found in `ProgramEscrowContract`
    |
   ::: src/lib.rs:724:1
    |
724 | pub struct ProgramEscrowContract;
    | -------------------------------- method `init_program` not found for this struct

error[E0599]: no method named `init_program` found for struct `ProgramEscrowContract` in the current scope
   --> src/claim_tests.rs:75:26
    |
 75 |     let data1 = contract.init_program(
    |                 ---------^^^^^^^^^^^^ method not found in `ProgramEscrowContract`
    |
   ::: src/lib.rs:724:1
    |
724 | pub struct ProgramEscrowContract;
    | -------------------------------- method `init_program` not found for this struct

error[E0599]: no method named `init_program` found for struct `ProgramEscrowContract` in the current scope
   --> src/claim_tests.rs:99:14
    |
 99 |     contract.init_program(
    |     ---------^^^^^^^^^^^^ method not found in `ProgramEscrowContract`
    |
   ::: src/lib.rs:724:1
    |
724 | pub struct ProgramEscrowContract;
    | -------------------------------- method `init_program` not found for this struct

error[E0599]: no method named `all` found for struct `soroban_sdk::events::Events` in the current scope
   --> src/claim_tests.rs:109:31
    |
109 |     let events = env.events().all();
    |                               ^^^ method not found in `soroban_sdk::events::Events`
    |
   ::: /home/merlinthewhiz/.cargo/registry/src/index.crates.io-1949cf8c6b5b557f/soroban-sdk-22.0.9/src/testutils.rs:403:8
    |
403 |     fn all(&self) -> Vec<(crate::Address, Vec<Val>, Val)>;
    |        --- the method is available for `soroban_sdk::events::Events` here
    |
    = help: items from traits can only be used if the trait is in scope
help: trait `Events` which provides `all` is implemented but not in scope; perhaps you want to import it
    |
  3 + use soroban_sdk::testutils::Events;
    |

error[E0599]: no method named `init_program` found for struct `ProgramEscrowContract` in the current scope
   --> src/claim_tests.rs:130:14
    |
130 |     contract.init_program(
    |     ---------^^^^^^^^^^^^ method not found in `ProgramEscrowContract`
    |
   ::: src/lib.rs:724:1
    |
724 | pub struct ProgramEscrowContract;
    | -------------------------------- method `init_program` not found for this struct

error[E0599]: no method named `init_program` found for struct `ProgramEscrowContract` in the current scope
   --> src/claim_tests.rs:138:14
    |
138 |     contract.init_program(
    |     ---------^^^^^^^^^^^^ method not found in `ProgramEscrowContract`
    |
   ::: src/lib.rs:724:1
    |
724 | pub struct ProgramEscrowContract;
    | -------------------------------- method `init_program` not found for this struct

error[E0599]: no method named `init_program` found for struct `ProgramEscrowContract` in the current scope
   --> src/claim_tests.rs:159:14
    |
159 |     contract.init_program(&env, program_id.clone(), admin1, token1);
    |              ^^^^^^^^^^^^ method not found in `ProgramEscrowContract`
    |
   ::: src/lib.rs:724:1
    |
724 | pub struct ProgramEscrowContract;
    | -------------------------------- method `init_program` not found for this struct

error[E0599]: no method named `init_program` found for struct `ProgramEscrowContract` in the current scope
   --> src/claim_tests.rs:160:14
    |
160 |     contract.init_program(&env, program_id, admin2, token2); // Should panic
    |              ^^^^^^^^^^^^ method not found in `ProgramEscrowContract`
    |
   ::: src/lib.rs:724:1
    |
724 | pub struct ProgramEscrowContract;
    | -------------------------------- method `init_program` not found for this struct

error[E0599]: no method named `lock_program_funds` found for struct `ProgramEscrowContract` in the current scope
    --> src/claim_tests.rs:172:33
     |
 172 |     let program_data = contract.lock_program_funds(&env, 50_000_000_000);
     |                        ---------^^^^^^^^^^^^^^^^^^----------------------
     |                        |        |
     |                        |        this is an associated function, not a method
     |                        help: use associated function syntax instead: `ProgramEscrowContract::lock_program_funds(&env, 50_000_000_000)`
     |
    ::: src/lib.rs:724:1
     |
 724 | pub struct ProgramEscrowContract;
     | -------------------------------- method `lock_program_funds` not found for this struct
     |
     = note: found the following associated functions; to be used as methods, functions must have a `self` parameter
note: the candidate is defined in an impl for the type `ProgramEscrowContract`
    --> src/lib.rs:1102:5
     |
1102 |     pub fn lock_program_funds(env: Env, program_id: String, amount: i128) -> ProgramData {
     |     ^^^^^^^^^^^^^^^^^^^^^^^^^^^^^^^^^^^^^^^^^^^^^^^^^^^^^^^^^^^^^^^^^^^^^^^^^^^^^^^^^^^^

error[E0599]: no method named `lock_program_funds` found for struct `ProgramEscrowContract` in the current scope
    --> src/claim_tests.rs:184:33
     |
 184 |     let program_data = contract.lock_program_funds(&env, 25_000_000_000);
     |                        ---------^^^^^^^^^^^^^^^^^^----------------------
     |                        |        |
     |                        |        this is an associated function, not a method
     |                        help: use associated function syntax instead: `ProgramEscrowContract::lock_program_funds(&env, 25_000_000_000)`
     |
    ::: src/lib.rs:724:1
     |
 724 | pub struct ProgramEscrowContract;
     | -------------------------------- method `lock_program_funds` not found for this struct
     |
     = note: found the following associated functions; to be used as methods, functions must have a `self` parameter
note: the candidate is defined in an impl for the type `ProgramEscrowContract`
    --> src/lib.rs:1102:5
     |
1102 |     pub fn lock_program_funds(env: Env, program_id: String, amount: i128) -> ProgramData {
     |     ^^^^^^^^^^^^^^^^^^^^^^^^^^^^^^^^^^^^^^^^^^^^^^^^^^^^^^^^^^^^^^^^^^^^^^^^^^^^^^^^^^^^

error[E0599]: no method named `lock_program_funds` found for struct `ProgramEscrowContract` in the current scope
    --> src/claim_tests.rs:189:33
     |
 189 |     let program_data = contract.lock_program_funds(&env, 35_000_000_000);
     |                        ---------^^^^^^^^^^^^^^^^^^----------------------
     |                        |        |
     |                        |        this is an associated function, not a method
     |                        help: use associated function syntax instead: `ProgramEscrowContract::lock_program_funds(&env, 35_000_000_000)`
     |
    ::: src/lib.rs:724:1
     |
 724 | pub struct ProgramEscrowContract;
     | -------------------------------- method `lock_program_funds` not found for this struct
     |
     = note: found the following associated functions; to be used as methods, functions must have a `self` parameter
note: the candidate is defined in an impl for the type `ProgramEscrowContract`
    --> src/lib.rs:1102:5
     |
1102 |     pub fn lock_program_funds(env: Env, program_id: String, amount: i128) -> ProgramData {
     |     ^^^^^^^^^^^^^^^^^^^^^^^^^^^^^^^^^^^^^^^^^^^^^^^^^^^^^^^^^^^^^^^^^^^^^^^^^^^^^^^^^^^^

error[E0599]: no method named `lock_program_funds` found for struct `ProgramEscrowContract` in the current scope
    --> src/claim_tests.rs:194:33
     |
 194 |     let program_data = contract.lock_program_funds(&env, 15_000_000_000);
     |                        ---------^^^^^^^^^^^^^^^^^^----------------------
     |                        |        |
     |                        |        this is an associated function, not a method
     |                        help: use associated function syntax instead: `ProgramEscrowContract::lock_program_funds(&env, 15_000_000_000)`
     |
    ::: src/lib.rs:724:1
     |
 724 | pub struct ProgramEscrowContract;
     | -------------------------------- method `lock_program_funds` not found for this struct
     |
     = note: found the following associated functions; to be used as methods, functions must have a `self` parameter
note: the candidate is defined in an impl for the type `ProgramEscrowContract`
    --> src/lib.rs:1102:5
     |
1102 |     pub fn lock_program_funds(env: Env, program_id: String, amount: i128) -> ProgramData {
     |     ^^^^^^^^^^^^^^^^^^^^^^^^^^^^^^^^^^^^^^^^^^^^^^^^^^^^^^^^^^^^^^^^^^^^^^^^^^^^^^^^^^^^

error[E0599]: no method named `lock_program_funds` found for struct `ProgramEscrowContract` in the current scope
    --> src/claim_tests.rs:205:14
     |
 205 |     contract.lock_program_funds(&env, lock_amount);
     |     ---------^^^^^^^^^^^^^^^^^^-------------------
     |     |        |
     |     |        this is an associated function, not a method
     |     help: use associated function syntax instead: `ProgramEscrowContract::lock_program_funds(&env, lock_amount)`
     |
    ::: src/lib.rs:724:1
     |
 724 | pub struct ProgramEscrowContract;
     | -------------------------------- method `lock_program_funds` not found for this struct
     |
     = note: found the following associated functions; to be used as methods, functions must have a `self` parameter
note: the candidate is defined in an impl for the type `ProgramEscrowContract`
    --> src/lib.rs:1102:5
     |
1102 |     pub fn lock_program_funds(env: Env, program_id: String, amount: i128) -> ProgramData {
     |     ^^^^^^^^^^^^^^^^^^^^^^^^^^^^^^^^^^^^^^^^^^^^^^^^^^^^^^^^^^^^^^^^^^^^^^^^^^^^^^^^^^^^

error[E0599]: no method named `all` found for struct `soroban_sdk::events::Events` in the current scope
   --> src/claim_tests.rs:207:31
    |
207 |     let events = env.events().all();
    |                               ^^^ method not found in `soroban_sdk::events::Events`
    |
   ::: /home/merlinthewhiz/.cargo/registry/src/index.crates.io-1949cf8c6b5b557f/soroban-sdk-22.0.9/src/testutils.rs:403:8
    |
403 |     fn all(&self) -> Vec<(crate::Address, Vec<Val>, Val)>;
    |        --- the method is available for `soroban_sdk::events::Events` here
    |
    = help: items from traits can only be used if the trait is in scope
help: trait `Events` which provides `all` is implemented but not in scope; perhaps you want to import it
    |
  3 + use soroban_sdk::testutils::Events;
    |

error[E0599]: no method named `lock_program_funds` found for struct `ProgramEscrowContract` in the current scope
    --> src/claim_tests.rs:224:14
     |
 224 |     contract.lock_program_funds(&env, 100_000_000_000);
     |     ---------^^^^^^^^^^^^^^^^^^-----------------------
     |     |        |
     |     |        this is an associated function, not a method
     |     help: use associated function syntax instead: `ProgramEscrowContract::lock_program_funds(&env, 100_000_000_000)`
     |
    ::: src/lib.rs:724:1
     |
 724 | pub struct ProgramEscrowContract;
     | -------------------------------- method `lock_program_funds` not found for this struct
     |
     = note: found the following associated functions; to be used as methods, functions must have a `self` parameter
note: the candidate is defined in an impl for the type `ProgramEscrowContract`
    --> src/lib.rs:1102:5
     |
1102 |     pub fn lock_program_funds(env: Env, program_id: String, amount: i128) -> ProgramData {
     |     ^^^^^^^^^^^^^^^^^^^^^^^^^^^^^^^^^^^^^^^^^^^^^^^^^^^^^^^^^^^^^^^^^^^^^^^^^^^^^^^^^^^^

error[E0599]: no method named `get_remaining_balance` found for struct `ProgramEscrowContract` in the current scope
    --> src/claim_tests.rs:227:25
     |
 227 |     assert_eq!(contract.get_remaining_balance(&env), 100_000_000_000);
     |                ---------^^^^^^^^^^^^^^^^^^^^^------
     |                |        |
     |                |        this is an associated function, not a method
     |                help: use associated function syntax instead: `ProgramEscrowContract::get_remaining_balance(&env)`
     |
    ::: src/lib.rs:724:1
     |
 724 | pub struct ProgramEscrowContract;
     | -------------------------------- method `get_remaining_balance` not found for this struct
     |
     = note: found the following associated functions; to be used as methods, functions must have a `self` parameter
note: the candidate is defined in an impl for the type `ProgramEscrowContract`
    --> src/lib.rs:2227:5
     |
2227 |     pub fn get_remaining_balance(env: Env, program_id: String) -> i128 {
     |     ^^^^^^^^^^^^^^^^^^^^^^^^^^^^^^^^^^^^^^^^^^^^^^^^^^^^^^^^^^^^^^^^^^

error[E0599]: no method named `lock_program_funds` found for struct `ProgramEscrowContract` in the current scope
    --> src/claim_tests.rs:230:14
     |
 230 |     contract.lock_program_funds(&env, 50_000_000_000);
     |     ---------^^^^^^^^^^^^^^^^^^----------------------
     |     |        |
     |     |        this is an associated function, not a method
     |     help: use associated function syntax instead: `ProgramEscrowContract::lock_program_funds(&env, 50_000_000_000)`
     |
    ::: src/lib.rs:724:1
     |
 724 | pub struct ProgramEscrowContract;
     | -------------------------------- method `lock_program_funds` not found for this struct
     |
     = note: found the following associated functions; to be used as methods, functions must have a `self` parameter
note: the candidate is defined in an impl for the type `ProgramEscrowContract`
    --> src/lib.rs:1102:5
     |
1102 |     pub fn lock_program_funds(env: Env, program_id: String, amount: i128) -> ProgramData {
     |     ^^^^^^^^^^^^^^^^^^^^^^^^^^^^^^^^^^^^^^^^^^^^^^^^^^^^^^^^^^^^^^^^^^^^^^^^^^^^^^^^^^^^

error[E0599]: no method named `get_remaining_balance` found for struct `ProgramEscrowContract` in the current scope
    --> src/claim_tests.rs:231:25
     |
 231 |     assert_eq!(contract.get_remaining_balance(&env), 150_000_000_000);
     |                ---------^^^^^^^^^^^^^^^^^^^^^------
     |                |        |
     |                |        this is an associated function, not a method
     |                help: use associated function syntax instead: `ProgramEscrowContract::get_remaining_balance(&env)`
     |
    ::: src/lib.rs:724:1
     |
 724 | pub struct ProgramEscrowContract;
     | -------------------------------- method `get_remaining_balance` not found for this struct
     |
     = note: found the following associated functions; to be used as methods, functions must have a `self` parameter
note: the candidate is defined in an impl for the type `ProgramEscrowContract`
    --> src/lib.rs:2227:5
     |
2227 |     pub fn get_remaining_balance(env: Env, program_id: String) -> i128 {
     |     ^^^^^^^^^^^^^^^^^^^^^^^^^^^^^^^^^^^^^^^^^^^^^^^^^^^^^^^^^^^^^^^^^^

error[E0599]: no method named `lock_program_funds` found for struct `ProgramEscrowContract` in the current scope
    --> src/claim_tests.rs:241:33
     |
 241 |     let program_data = contract.lock_program_funds(&env, max_amount);
     |                        ---------^^^^^^^^^^^^^^^^^^------------------
     |                        |        |
     |                        |        this is an associated function, not a method
     |                        help: use associated function syntax instead: `ProgramEscrowContract::lock_program_funds(&env, max_amount)`
     |
    ::: src/lib.rs:724:1
     |
 724 | pub struct ProgramEscrowContract;
     | -------------------------------- method `lock_program_funds` not found for this struct
     |
     = note: found the following associated functions; to be used as methods, functions must have a `self` parameter
note: the candidate is defined in an impl for the type `ProgramEscrowContract`
    --> src/lib.rs:1102:5
     |
1102 |     pub fn lock_program_funds(env: Env, program_id: String, amount: i128) -> ProgramData {
     |     ^^^^^^^^^^^^^^^^^^^^^^^^^^^^^^^^^^^^^^^^^^^^^^^^^^^^^^^^^^^^^^^^^^^^^^^^^^^^^^^^^^^^

error[E0599]: no method named `lock_program_funds` found for struct `ProgramEscrowContract` in the current scope
    --> src/claim_tests.rs:253:14
     |
 253 |     contract.lock_program_funds(&env, 0);
     |     ---------^^^^^^^^^^^^^^^^^^---------
     |     |        |
     |     |        this is an associated function, not a method
     |     help: use associated function syntax instead: `ProgramEscrowContract::lock_program_funds(&env, 0)`
     |
    ::: src/lib.rs:724:1
     |
 724 | pub struct ProgramEscrowContract;
     | -------------------------------- method `lock_program_funds` not found for this struct
     |
     = note: found the following associated functions; to be used as methods, functions must have a `self` parameter
note: the candidate is defined in an impl for the type `ProgramEscrowContract`
    --> src/lib.rs:1102:5
     |
1102 |     pub fn lock_program_funds(env: Env, program_id: String, amount: i128) -> ProgramData {
     |     ^^^^^^^^^^^^^^^^^^^^^^^^^^^^^^^^^^^^^^^^^^^^^^^^^^^^^^^^^^^^^^^^^^^^^^^^^^^^^^^^^^^^

error[E0599]: no method named `lock_program_funds` found for struct `ProgramEscrowContract` in the current scope
    --> src/claim_tests.rs:262:14
     |
 262 |     contract.lock_program_funds(&env, -1_000_000_000);
     |     ---------^^^^^^^^^^^^^^^^^^----------------------
     |     |        |
     |     |        this is an associated function, not a method
     |     help: use associated function syntax instead: `ProgramEscrowContract::lock_program_funds(&env, -1_000_000_000)`
     |
    ::: src/lib.rs:724:1
     |
 724 | pub struct ProgramEscrowContract;
     | -------------------------------- method `lock_program_funds` not found for this struct
     |
     = note: found the following associated functions; to be used as methods, functions must have a `self` parameter
note: the candidate is defined in an impl for the type `ProgramEscrowContract`
    --> src/lib.rs:1102:5
     |
1102 |     pub fn lock_program_funds(env: Env, program_id: String, amount: i128) -> ProgramData {
     |     ^^^^^^^^^^^^^^^^^^^^^^^^^^^^^^^^^^^^^^^^^^^^^^^^^^^^^^^^^^^^^^^^^^^^^^^^^^^^^^^^^^^^

error[E0599]: no method named `lock_program_funds` found for struct `ProgramEscrowContract` in the current scope
    --> src/claim_tests.rs:271:14
     |
 271 |     contract.lock_program_funds(&env, 10_000_000_000);
     |     ---------^^^^^^^^^^^^^^^^^^----------------------
     |     |        |
     |     |        this is an associated function, not a method
     |     help: use associated function syntax instead: `ProgramEscrowContract::lock_program_funds(&env, 10_000_000_000)`
     |
    ::: src/lib.rs:724:1
     |
 724 | pub struct ProgramEscrowContract;
     | -------------------------------- method `lock_program_funds` not found for this struct
     |
     = note: found the following associated functions; to be used as methods, functions must have a `self` parameter
note: the candidate is defined in an impl for the type `ProgramEscrowContract`
    --> src/lib.rs:1102:5
     |
1102 |     pub fn lock_program_funds(env: Env, program_id: String, amount: i128) -> ProgramData {
     |     ^^^^^^^^^^^^^^^^^^^^^^^^^^^^^^^^^^^^^^^^^^^^^^^^^^^^^^^^^^^^^^^^^^^^^^^^^^^^^^^^^^^^

error[E0599]: no method named `set_invoker` found for struct `Env` in the current scope
   --> src/claim_tests.rs:296:13
    |
296 |         env.set_invoker(&admin);
    |             ^^^^^^^^^^^ method not found in `Env`

error[E0599]: no method named `batch_payout` found for struct `ProgramEscrowContract` in the current scope
    --> src/claim_tests.rs:297:37
     |
 297 |         let program_data = contract.batch_payout(&env, recipients, amounts);
     |                            ---------^^^^^^^^^^^^---------------------------
     |                            |        |
     |                            |        this is an associated function, not a method
     |                            help: use associated function syntax instead: `ProgramEscrowContract::batch_payout(&env, recipients, amounts)`
     |
    ::: src/lib.rs:724:1
     |
 724 | pub struct ProgramEscrowContract;
     | -------------------------------- method `batch_payout` not found for this struct
     |
     = note: found the following associated functions; to be used as methods, functions must have a `self` parameter
note: the candidate is defined in an impl for the type `ProgramEscrowContract`
    --> src/lib.rs:1269:5
     |
1269 | /     pub fn batch_payout(
1270 | |         env: Env,
1271 | |         program_id: String,
1272 | |         recipients: Vec<Address>,
1273 | |         amounts: Vec<i128>,
1274 | |     ) -> ProgramData {
     | |____________________^

error[E0308]: mismatched types
    --> src/claim_tests.rs:295:21
     |
 295 |     env.as_contract(&contract, || {
     |         ----------- ^^^^^^^^^ expected `&Address`, found `&ProgramEscrowContract`
     |         |
     |         arguments to this method are incorrect
     |
     = note: expected reference `&soroban_sdk::Address`
                found reference `&ProgramEscrowContract`
note: method defined here
    --> /home/merlinthewhiz/.cargo/registry/src/index.crates.io-1949cf8c6b5b557f/soroban-sdk-22.0.9/src/env.rs:1520:12
     |
1520 |     pub fn as_contract<T>(&self, id: &Address, f: impl FnOnce() -> T) -> T {
     |            ^^^^^^^^^^^

error[E0308]: mismatched types
   --> src/claim_tests.rs:320:9
    |
320 |     let (contract, admin, _, program_id) = setup_program_with_funds(&env, 100_000_000_000);
    |         ^^^^^^^^^^^^^^^^^^^^^^^^^^^^^^^^   ----------------------------------------------- this expression has type `(ProgramEscrowContract, Address, Address, String, Address)`
    |         |
    |         expected a tuple with 5 elements, found one with 4 elements
    |
    = note: expected tuple `(ProgramEscrowContract, soroban_sdk::Address, soroban_sdk::Address, soroban_sdk::String, soroban_sdk::Address)`
               found tuple `(_, _, _, _)`
    = note: the full name for the type has been written to '/home/merlinthewhiz/Documents/grainlify/contracts/program-escrow/target/debug/deps/program_escrow-9c39280d478e2300.long-type-7153203553452752625.txt'
    = note: consider using `--verbose` to print the full type name to the console

error[E0599]: no method named `set_invoker` found for struct `Env` in the current scope
   --> src/claim_tests.rs:330:13
    |
330 |         env.set_invoker(&admin);
    |             ^^^^^^^^^^^ method not found in `Env`

error[E0599]: no method named `all` found for struct `soroban_sdk::events::Events` in the current scope
   --> src/claim_tests.rs:333:35
    |
333 |         let events = env.events().all();
    |                                   ^^^ method not found in `soroban_sdk::events::Events`
    |
   ::: /home/merlinthewhiz/.cargo/registry/src/index.crates.io-1949cf8c6b5b557f/soroban-sdk-22.0.9/src/testutils.rs:403:8
    |
403 |     fn all(&self) -> Vec<(crate::Address, Vec<Val>, Val)>;
    |        --- the method is available for `soroban_sdk::events::Events` here
    |
    = help: items from traits can only be used if the trait is in scope
help: trait `Events` which provides `all` is implemented but not in scope; perhaps you want to import it
    |
  3 + use soroban_sdk::testutils::Events;
    |

error[E0308]: mismatched types
   --> src/claim_tests.rs:349:9
    |
349 |     let (contract, admin, _, _) = setup_program_with_funds(&env, 50_000_000_000);
    |         ^^^^^^^^^^^^^^^^^^^^^^^   ---------------------------------------------- this expression has type `(ProgramEscrowContract, Address, Address, String, Address)`
    |         |
    |         expected a tuple with 5 elements, found one with 4 elements
    |
    = note: expected tuple `(ProgramEscrowContract, soroban_sdk::Address, soroban_sdk::Address, soroban_sdk::String, soroban_sdk::Address)`
               found tuple `(_, _, _, _)`
    = note: the full name for the type has been written to '/home/merlinthewhiz/Documents/grainlify/contracts/program-escrow/target/debug/deps/program_escrow-9c39280d478e2300.long-type-7153203553452752625.txt'
    = note: consider using `--verbose` to print the full type name to the console

error[E0599]: no method named `set_invoker` found for struct `Env` in the current scope
   --> src/claim_tests.rs:356:13
    |
356 |         env.set_invoker(&admin);
    |             ^^^^^^^^^^^ method not found in `Env`

error[E0308]: mismatched types
   --> src/claim_tests.rs:371:9
    |
371 |     let (contract, admin, _, _) = setup_program_with_funds(&env, 200_000_000_000);
    |         ^^^^^^^^^^^^^^^^^^^^^^^   ----------------------------------------------- this expression has type `(ProgramEscrowContract, Address, Address, String, Address)`
    |         |
    |         expected a tuple with 5 elements, found one with 4 elements
    |
    = note: expected tuple `(ProgramEscrowContract, soroban_sdk::Address, soroban_sdk::Address, soroban_sdk::String, soroban_sdk::Address)`
               found tuple `(_, _, _, _)`
    = note: the full name for the type has been written to '/home/merlinthewhiz/Documents/grainlify/contracts/program-escrow/target/debug/deps/program_escrow-9c39280d478e2300.long-type-7153203553452752625.txt'
    = note: consider using `--verbose` to print the full type name to the console

error[E0599]: no method named `set_invoker` found for struct `Env` in the current scope
   --> src/claim_tests.rs:379:13
    |
379 |         env.set_invoker(&admin);
    |             ^^^^^^^^^^^ method not found in `Env`

error[E0599]: no method named `set_invoker` found for struct `Env` in the current scope
   --> src/claim_tests.rs:392:13
    |
392 |         env.set_invoker(&admin);
    |             ^^^^^^^^^^^ method not found in `Env`

error[E0308]: mismatched types
   --> src/claim_tests.rs:403:9
    |
403 |     let (contract, _, _, _) = setup_program_with_funds(&env, 100_000_000_000);
    |         ^^^^^^^^^^^^^^^^^^^   ----------------------------------------------- this expression has type `(ProgramEscrowContract, Address, Address, String, Address)`
    |         |
    |         expected a tuple with 5 elements, found one with 4 elements
    |
    = note: expected tuple `(ProgramEscrowContract, soroban_sdk::Address, soroban_sdk::Address, soroban_sdk::String, soroban_sdk::Address)`
               found tuple `(_, _, _, _)`
    = note: the full name for the type has been written to '/home/merlinthewhiz/Documents/grainlify/contracts/program-escrow/target/debug/deps/program_escrow-9c39280d478e2300.long-type-7153203553452752625.txt'
    = note: consider using `--verbose` to print the full type name to the console

error[E0599]: no method named `set_invoker` found for struct `Env` in the current scope
   --> src/claim_tests.rs:411:13
    |
411 |         env.set_invoker(&unauthorized);
    |             ^^^^^^^^^^^ method not found in `Env`

error[E0308]: mismatched types
   --> src/claim_tests.rs:420:9
    |
420 |     let (contract, admin, _, _) = setup_program_with_funds(&env, 50_000_000_000);
    |         ^^^^^^^^^^^^^^^^^^^^^^^   ---------------------------------------------- this expression has type `(ProgramEscrowContract, Address, Address, String, Address)`
    |         |
    |         expected a tuple with 5 elements, found one with 4 elements
    |
    = note: expected tuple `(ProgramEscrowContract, soroban_sdk::Address, soroban_sdk::Address, soroban_sdk::String, soroban_sdk::Address)`
               found tuple `(_, _, _, _)`
    = note: the full name for the type has been written to '/home/merlinthewhiz/Documents/grainlify/contracts/program-escrow/target/debug/deps/program_escrow-9c39280d478e2300.long-type-7153203553452752625.txt'
    = note: consider using `--verbose` to print the full type name to the console

error[E0599]: no method named `set_invoker` found for struct `Env` in the current scope
   --> src/claim_tests.rs:428:13
    |
428 |         env.set_invoker(&admin);
    |             ^^^^^^^^^^^ method not found in `Env`

error[E0599]: no method named `set_invoker` found for struct `Env` in the current scope
   --> src/claim_tests.rs:445:13
    |
445 |         env.set_invoker(&admin);
    |             ^^^^^^^^^^^ method not found in `Env`

error[E0599]: no method named `batch_payout` found for struct `ProgramEscrowContract` in the current scope
    --> src/claim_tests.rs:446:18
     |
 446 |         contract.batch_payout(&env, recipients, amounts); // Should panic
     |         ---------^^^^^^^^^^^^---------------------------
     |         |        |
     |         |        this is an associated function, not a method
     |         help: use associated function syntax instead: `ProgramEscrowContract::batch_payout(&env, recipients, amounts)`
     |
    ::: src/lib.rs:724:1
     |
 724 | pub struct ProgramEscrowContract;
     | -------------------------------- method `batch_payout` not found for this struct
     |
     = note: found the following associated functions; to be used as methods, functions must have a `self` parameter
note: the candidate is defined in an impl for the type `ProgramEscrowContract`
    --> src/lib.rs:1269:5
     |
1269 | /     pub fn batch_payout(
1270 | |         env: Env,
1271 | |         program_id: String,
1272 | |         recipients: Vec<Address>,
1273 | |         amounts: Vec<i128>,
1274 | |     ) -> ProgramData {
     | |____________________^

error[E0308]: mismatched types
    --> src/claim_tests.rs:444:21
     |
 444 |     env.as_contract(&contract, || {
     |         ----------- ^^^^^^^^^ expected `&Address`, found `&ProgramEscrowContract`
     |         |
     |         arguments to this method are incorrect
     |
     = note: expected reference `&soroban_sdk::Address`
                found reference `&ProgramEscrowContract`
note: method defined here
    --> /home/merlinthewhiz/.cargo/registry/src/index.crates.io-1949cf8c6b5b557f/soroban-sdk-22.0.9/src/env.rs:1520:12
     |
1520 |     pub fn as_contract<T>(&self, id: &Address, f: impl FnOnce() -> T) -> T {
     |            ^^^^^^^^^^^

error[E0599]: no method named `set_invoker` found for struct `Env` in the current scope
   --> src/claim_tests.rs:460:13
    |
460 |         env.set_invoker(&admin);
    |             ^^^^^^^^^^^ method not found in `Env`

error[E0599]: no method named `batch_payout` found for struct `ProgramEscrowContract` in the current scope
    --> src/claim_tests.rs:461:18
     |
 461 |         contract.batch_payout(&env, recipients, amounts); // Should panic
     |         ---------^^^^^^^^^^^^---------------------------
     |         |        |
     |         |        this is an associated function, not a method
     |         help: use associated function syntax instead: `ProgramEscrowContract::batch_payout(&env, recipients, amounts)`
     |
    ::: src/lib.rs:724:1
     |
 724 | pub struct ProgramEscrowContract;
     | -------------------------------- method `batch_payout` not found for this struct
     |
     = note: found the following associated functions; to be used as methods, functions must have a `self` parameter
note: the candidate is defined in an impl for the type `ProgramEscrowContract`
    --> src/lib.rs:1269:5
     |
1269 | /     pub fn batch_payout(
1270 | |         env: Env,
1271 | |         program_id: String,
1272 | |         recipients: Vec<Address>,
1273 | |         amounts: Vec<i128>,
1274 | |     ) -> ProgramData {
     | |____________________^

error[E0308]: mismatched types
    --> src/claim_tests.rs:459:21
     |
 459 |     env.as_contract(&contract, || {
     |         ----------- ^^^^^^^^^ expected `&Address`, found `&ProgramEscrowContract`
     |         |
     |         arguments to this method are incorrect
     |
     = note: expected reference `&soroban_sdk::Address`
                found reference `&ProgramEscrowContract`
note: method defined here
    --> /home/merlinthewhiz/.cargo/registry/src/index.crates.io-1949cf8c6b5b557f/soroban-sdk-22.0.9/src/env.rs:1520:12
     |
1520 |     pub fn as_contract<T>(&self, id: &Address, f: impl FnOnce() -> T) -> T {
     |            ^^^^^^^^^^^

error[E0308]: mismatched types
   --> src/claim_tests.rs:469:9
    |
469 |     let (contract, admin, _, _) = setup_program_with_funds(&env, 100_000_000_000);
    |         ^^^^^^^^^^^^^^^^^^^^^^^   ----------------------------------------------- this expression has type `(ProgramEscrowContract, Address, Address, String, Address)`
    |         |
    |         expected a tuple with 5 elements, found one with 4 elements
    |
    = note: expected tuple `(ProgramEscrowContract, soroban_sdk::Address, soroban_sdk::Address, soroban_sdk::String, soroban_sdk::Address)`
               found tuple `(_, _, _, _)`
    = note: the full name for the type has been written to '/home/merlinthewhiz/Documents/grainlify/contracts/program-escrow/target/debug/deps/program_escrow-9c39280d478e2300.long-type-7153203553452752625.txt'
    = note: consider using `--verbose` to print the full type name to the console

error[E0599]: no method named `set_invoker` found for struct `Env` in the current scope
   --> src/claim_tests.rs:477:13
    |
477 |         env.set_invoker(&admin);
    |             ^^^^^^^^^^^ method not found in `Env`

error[E0308]: mismatched types
   --> src/claim_tests.rs:486:9
    |
486 |     let (contract, admin, _, _) = setup_program_with_funds(&env, 100_000_000_000);
    |         ^^^^^^^^^^^^^^^^^^^^^^^   ----------------------------------------------- this expression has type `(ProgramEscrowContract, Address, Address, String, Address)`
    |         |
    |         expected a tuple with 5 elements, found one with 4 elements
    |
    = note: expected tuple `(ProgramEscrowContract, soroban_sdk::Address, soroban_sdk::Address, soroban_sdk::String, soroban_sdk::Address)`
               found tuple `(_, _, _, _)`
    = note: the full name for the type has been written to '/home/merlinthewhiz/Documents/grainlify/contracts/program-escrow/target/debug/deps/program_escrow-9c39280d478e2300.long-type-7153203553452752625.txt'
    = note: consider using `--verbose` to print the full type name to the console

error[E0599]: no method named `set_invoker` found for struct `Env` in the current scope
   --> src/claim_tests.rs:494:13
    |
494 |         env.set_invoker(&admin);
    |             ^^^^^^^^^^^ method not found in `Env`

error[E0308]: mismatched types
   --> src/claim_tests.rs:503:9
    |
503 |     let (contract, admin, _, _) = setup_program_with_funds(&env, 9_223_372_036_854_775_807i128);
    |         ^^^^^^^^^^^^^^^^^^^^^^^   ------------------------------------------------------------- this expression has type `(ProgramEscrowContract, Address, Address, String, Address)`
    |         |
    |         expected a tuple with 5 elements, found one with 4 elements
    |
    = note: expected tuple `(ProgramEscrowContract, soroban_sdk::Address, soroban_sdk::Address, soroban_sdk::String, soroban_sdk::Address)`
               found tuple `(_, _, _, _)`
    = note: the full name for the type has been written to '/home/merlinthewhiz/Documents/grainlify/contracts/program-escrow/target/debug/deps/program_escrow-9c39280d478e2300.long-type-7153203553452752625.txt'
    = note: consider using `--verbose` to print the full type name to the console

error[E0599]: no method named `set_invoker` found for struct `Env` in the current scope
   --> src/claim_tests.rs:511:13
    |
511 |         env.set_invoker(&admin);
    |             ^^^^^^^^^^^ method not found in `Env`

error[E0599]: no method named `batch_payout` found for struct `ProgramEscrowContract` in the current scope
    --> src/claim_tests.rs:525:14
     |
 525 |     contract.batch_payout(&env, recipients, amounts);
     |     ---------^^^^^^^^^^^^---------------------------
     |     |        |
     |     |        this is an associated function, not a method
     |     help: use associated function syntax instead: `ProgramEscrowContract::batch_payout(&env, recipients, amounts)`
     |
    ::: src/lib.rs:724:1
     |
 724 | pub struct ProgramEscrowContract;
     | -------------------------------- method `batch_payout` not found for this struct
     |
     = note: found the following associated functions; to be used as methods, functions must have a `self` parameter
note: the candidate is defined in an impl for the type `ProgramEscrowContract`
    --> src/lib.rs:1269:5
     |
1269 | /     pub fn batch_payout(
1270 | |         env: Env,
1271 | |         program_id: String,
1272 | |         recipients: Vec<Address>,
1273 | |         amounts: Vec<i128>,
1274 | |     ) -> ProgramData {
     | |____________________^

error[E0599]: no method named `set_invoker` found for struct `Env` in the current scope
   --> src/claim_tests.rs:541:13
    |
541 |         env.set_invoker(&admin);
    |             ^^^^^^^^^^^ method not found in `Env`

error[E0599]: no method named `single_payout` found for struct `ProgramEscrowContract` in the current scope
    --> src/claim_tests.rs:542:37
     |
 542 |         let program_data = contract.single_payout(&env, recipient.clone(), payout_amount);
     |                            ---------^^^^^^^^^^^^^----------------------------------------
     |                            |        |
     |                            |        this is an associated function, not a method
     |                            help: use associated function syntax instead: `ProgramEscrowContract::single_payout(&env, recipient.clone(), payout_amount)`
     |
    ::: src/lib.rs:724:1
     |
 724 | pub struct ProgramEscrowContract;
     | -------------------------------- method `single_payout` not found for this struct
     |
     = note: found the following associated functions; to be used as methods, functions must have a `self` parameter
note: the candidate is defined in an impl for the type `ProgramEscrowContract`
    --> src/lib.rs:1497:5
     |
1497 | /     pub fn single_payout(
1498 | |         env: Env,
1499 | |         program_id: String,
1500 | |         recipient: Address,
1501 | |         amount: i128,
1502 | |     ) -> ProgramData {
     | |____________________^

error[E0308]: mismatched types
    --> src/claim_tests.rs:540:21
     |
 540 |     env.as_contract(&contract, || {
     |         ----------- ^^^^^^^^^ expected `&Address`, found `&ProgramEscrowContract`
     |         |
     |         arguments to this method are incorrect
     |
     = note: expected reference `&soroban_sdk::Address`
                found reference `&ProgramEscrowContract`
note: method defined here
    --> /home/merlinthewhiz/.cargo/registry/src/index.crates.io-1949cf8c6b5b557f/soroban-sdk-22.0.9/src/env.rs:1520:12
     |
1520 |     pub fn as_contract<T>(&self, id: &Address, f: impl FnOnce() -> T) -> T {
     |            ^^^^^^^^^^^

error[E0308]: mismatched types
   --> src/claim_tests.rs:557:9
    |
557 |     let (contract, admin, _, program_id) = setup_program_with_funds(&env, 50_000_000_000);
    |         ^^^^^^^^^^^^^^^^^^^^^^^^^^^^^^^^   ---------------------------------------------- this expression has type `(ProgramEscrowContract, Address, Address, String, Address)`
    |         |
    |         expected a tuple with 5 elements, found one with 4 elements
    |
    = note: expected tuple `(ProgramEscrowContract, soroban_sdk::Address, soroban_sdk::Address, soroban_sdk::String, soroban_sdk::Address)`
               found tuple `(_, _, _, _)`
    = note: the full name for the type has been written to '/home/merlinthewhiz/Documents/grainlify/contracts/program-escrow/target/debug/deps/program_escrow-9c39280d478e2300.long-type-7153203553452752625.txt'
    = note: consider using `--verbose` to print the full type name to the console

error[E0599]: no method named `set_invoker` found for struct `Env` in the current scope
   --> src/claim_tests.rs:563:13
    |
563 |         env.set_invoker(&admin);
    |             ^^^^^^^^^^^ method not found in `Env`

error[E0599]: no method named `all` found for struct `soroban_sdk::events::Events` in the current scope
   --> src/claim_tests.rs:566:35
    |
566 |         let events = env.events().all();
    |                                   ^^^ method not found in `soroban_sdk::events::Events`
    |
   ::: /home/merlinthewhiz/.cargo/registry/src/index.crates.io-1949cf8c6b5b557f/soroban-sdk-22.0.9/src/testutils.rs:403:8
    |
403 |     fn all(&self) -> Vec<(crate::Address, Vec<Val>, Val)>;
    |        --- the method is available for `soroban_sdk::events::Events` here
    |
    = help: items from traits can only be used if the trait is in scope
help: trait `Events` which provides `all` is implemented but not in scope; perhaps you want to import it
    |
  3 + use soroban_sdk::testutils::Events;
    |

error[E0308]: mismatched types
   --> src/claim_tests.rs:582:9
    |
582 |     let (contract, admin, _, _) = setup_program_with_funds(&env, 100_000_000_000);
    |         ^^^^^^^^^^^^^^^^^^^^^^^   ----------------------------------------------- this expression has type `(ProgramEscrowContract, Address, Address, String, Address)`
    |         |
    |         expected a tuple with 5 elements, found one with 4 elements
    |
    = note: expected tuple `(ProgramEscrowContract, soroban_sdk::Address, soroban_sdk::Address, soroban_sdk::String, soroban_sdk::Address)`
               found tuple `(_, _, _, _)`
    = note: the full name for the type has been written to '/home/merlinthewhiz/Documents/grainlify/contracts/program-escrow/target/debug/deps/program_escrow-9c39280d478e2300.long-type-7153203553452752625.txt'
    = note: consider using `--verbose` to print the full type name to the console

error[E0599]: no method named `set_invoker` found for struct `Env` in the current scope
   --> src/claim_tests.rs:589:13
    |
589 |         env.set_invoker(&admin);
    |             ^^^^^^^^^^^ method not found in `Env`

error[E0599]: no method named `get_remaining_balance` found for struct `ProgramEscrowContract` in the current scope
    --> src/claim_tests.rs:616:25
     |
 616 |     assert_eq!(contract.get_remaining_balance(&env), 100_000_000_000);
     |                ---------^^^^^^^^^^^^^^^^^^^^^------
     |                |        |
     |                |        this is an associated function, not a method
     |                help: use associated function syntax instead: `ProgramEscrowContract::get_remaining_balance(&env)`
     |
    ::: src/lib.rs:724:1
     |
 724 | pub struct ProgramEscrowContract;
     | -------------------------------- method `get_remaining_balance` not found for this struct
     |
     = note: found the following associated functions; to be used as methods, functions must have a `self` parameter
note: the candidate is defined in an impl for the type `ProgramEscrowContract`
    --> src/lib.rs:2227:5
     |
2227 |     pub fn get_remaining_balance(env: Env, program_id: String) -> i128 {
     |     ^^^^^^^^^^^^^^^^^^^^^^^^^^^^^^^^^^^^^^^^^^^^^^^^^^^^^^^^^^^^^^^^^^

error[E0599]: no method named `set_invoker` found for struct `Env` in the current scope
   --> src/claim_tests.rs:619:13
    |
619 |         env.set_invoker(&admin);
    |             ^^^^^^^^^^^ method not found in `Env`

error[E0599]: no method named `single_payout` found for struct `ProgramEscrowContract` in the current scope
    --> src/claim_tests.rs:620:18
     |
 620 |         contract.single_payout(&env, recipient, 40_000_000_000);
     |         ---------^^^^^^^^^^^^^---------------------------------
     |         |        |
     |         |        this is an associated function, not a method
     |         help: use associated function syntax instead: `ProgramEscrowContract::single_payout(&env, recipient, 40_000_000_000)`
     |
    ::: src/lib.rs:724:1
     |
 724 | pub struct ProgramEscrowContract;
     | -------------------------------- method `single_payout` not found for this struct
     |
     = note: found the following associated functions; to be used as methods, functions must have a `self` parameter
note: the candidate is defined in an impl for the type `ProgramEscrowContract`
    --> src/lib.rs:1497:5
     |
1497 | /     pub fn single_payout(
1498 | |         env: Env,
1499 | |         program_id: String,
1500 | |         recipient: Address,
1501 | |         amount: i128,
1502 | |     ) -> ProgramData {
     | |____________________^

error[E0308]: mismatched types
    --> src/claim_tests.rs:618:21
     |
 618 |     env.as_contract(&contract, || {
     |         ----------- ^^^^^^^^^ expected `&Address`, found `&ProgramEscrowContract`
     |         |
     |         arguments to this method are incorrect
     |
     = note: expected reference `&soroban_sdk::Address`
                found reference `&ProgramEscrowContract`
note: method defined here
    --> /home/merlinthewhiz/.cargo/registry/src/index.crates.io-1949cf8c6b5b557f/soroban-sdk-22.0.9/src/env.rs:1520:12
     |
1520 |     pub fn as_contract<T>(&self, id: &Address, f: impl FnOnce() -> T) -> T {
     |            ^^^^^^^^^^^

error[E0599]: no method named `get_remaining_balance` found for struct `ProgramEscrowContract` in the current scope
    --> src/claim_tests.rs:624:25
     |
 624 |     assert_eq!(contract.get_remaining_balance(&env), 60_000_000_000);
     |                ---------^^^^^^^^^^^^^^^^^^^^^------
     |                |        |
     |                |        this is an associated function, not a method
     |                help: use associated function syntax instead: `ProgramEscrowContract::get_remaining_balance(&env)`
     |
    ::: src/lib.rs:724:1
     |
 724 | pub struct ProgramEscrowContract;
     | -------------------------------- method `get_remaining_balance` not found for this struct
     |
     = note: found the following associated functions; to be used as methods, functions must have a `self` parameter
note: the candidate is defined in an impl for the type `ProgramEscrowContract`
    --> src/lib.rs:2227:5
     |
2227 |     pub fn get_remaining_balance(env: Env, program_id: String) -> i128 {
     |     ^^^^^^^^^^^^^^^^^^^^^^^^^^^^^^^^^^^^^^^^^^^^^^^^^^^^^^^^^^^^^^^^^^

error[E0308]: mismatched types
   --> src/claim_tests.rs:631:9
    |
631 |     let (contract, _, _, _) = setup_program_with_funds(&env, 50_000_000_000);
    |         ^^^^^^^^^^^^^^^^^^^   ---------------------------------------------- this expression has type `(ProgramEscrowContract, Address, Address, String, Address)`
    |         |
    |         expected a tuple with 5 elements, found one with 4 elements
    |
    = note: expected tuple `(ProgramEscrowContract, soroban_sdk::Address, soroban_sdk::Address, soroban_sdk::String, soroban_sdk::Address)`
               found tuple `(_, _, _, _)`
    = note: the full name for the type has been written to '/home/merlinthewhiz/Documents/grainlify/contracts/program-escrow/target/debug/deps/program_escrow-9c39280d478e2300.long-type-7153203553452752625.txt'
    = note: consider using `--verbose` to print the full type name to the console

error[E0599]: no method named `set_invoker` found for struct `Env` in the current scope
   --> src/claim_tests.rs:637:13
    |
637 |         env.set_invoker(&unauthorized);
    |             ^^^^^^^^^^^ method not found in `Env`

error[E0308]: mismatched types
   --> src/claim_tests.rs:646:9
    |
646 |     let (contract, admin, _, _) = setup_program_with_funds(&env, 20_000_000_000);
    |         ^^^^^^^^^^^^^^^^^^^^^^^   ---------------------------------------------- this expression has type `(ProgramEscrowContract, Address, Address, String, Address)`
    |         |
    |         expected a tuple with 5 elements, found one with 4 elements
    |
    = note: expected tuple `(ProgramEscrowContract, soroban_sdk::Address, soroban_sdk::Address, soroban_sdk::String, soroban_sdk::Address)`
               found tuple `(_, _, _, _)`
    = note: the full name for the type has been written to '/home/merlinthewhiz/Documents/grainlify/contracts/program-escrow/target/debug/deps/program_escrow-9c39280d478e2300.long-type-7153203553452752625.txt'
    = note: consider using `--verbose` to print the full type name to the console

error[E0599]: no method named `set_invoker` found for struct `Env` in the current scope
   --> src/claim_tests.rs:651:13
    |
651 |         env.set_invoker(&admin);
    |             ^^^^^^^^^^^ method not found in `Env`

error[E0308]: mismatched types
   --> src/claim_tests.rs:660:9
    |
660 |     let (contract, admin, _, _) = setup_program_with_funds(&env, 50_000_000_000);
    |         ^^^^^^^^^^^^^^^^^^^^^^^   ---------------------------------------------- this expression has type `(ProgramEscrowContract, Address, Address, String, Address)`
    |         |
    |         expected a tuple with 5 elements, found one with 4 elements
    |
    = note: expected tuple `(ProgramEscrowContract, soroban_sdk::Address, soroban_sdk::Address, soroban_sdk::String, soroban_sdk::Address)`
               found tuple `(_, _, _, _)`
    = note: the full name for the type has been written to '/home/merlinthewhiz/Documents/grainlify/contracts/program-escrow/target/debug/deps/program_escrow-9c39280d478e2300.long-type-7153203553452752625.txt'
    = note: consider using `--verbose` to print the full type name to the console

error[E0599]: no method named `set_invoker` found for struct `Env` in the current scope
   --> src/claim_tests.rs:665:13
    |
665 |         env.set_invoker(&admin);
    |             ^^^^^^^^^^^ method not found in `Env`

error[E0308]: mismatched types
   --> src/claim_tests.rs:674:9
    |
674 |     let (contract, admin, _, _) = setup_program_with_funds(&env, 50_000_000_000);
    |         ^^^^^^^^^^^^^^^^^^^^^^^   ---------------------------------------------- this expression has type `(ProgramEscrowContract, Address, Address, String, Address)`
    |         |
    |         expected a tuple with 5 elements, found one with 4 elements
    |
    = note: expected tuple `(ProgramEscrowContract, soroban_sdk::Address, soroban_sdk::Address, soroban_sdk::String, soroban_sdk::Address)`
               found tuple `(_, _, _, _)`
    = note: the full name for the type has been written to '/home/merlinthewhiz/Documents/grainlify/contracts/program-escrow/target/debug/deps/program_escrow-9c39280d478e2300.long-type-7153203553452752625.txt'
    = note: consider using `--verbose` to print the full type name to the console

error[E0599]: no method named `set_invoker` found for struct `Env` in the current scope
   --> src/claim_tests.rs:679:13
    |
679 |         env.set_invoker(&admin);
    |             ^^^^^^^^^^^ method not found in `Env`

error[E0599]: no method named `single_payout` found for struct `ProgramEscrowContract` in the current scope
    --> src/claim_tests.rs:691:14
     |
 691 |     contract.single_payout(&env, recipient, 10_000_000_000);
     |     ---------^^^^^^^^^^^^^---------------------------------
     |     |        |
     |     |        this is an associated function, not a method
     |     help: use associated function syntax instead: `ProgramEscrowContract::single_payout(&env, recipient, 10_000_000_000)`
     |
    ::: src/lib.rs:724:1
     |
 724 | pub struct ProgramEscrowContract;
     | -------------------------------- method `single_payout` not found for this struct
     |
     = note: found the following associated functions; to be used as methods, functions must have a `self` parameter
note: the candidate is defined in an impl for the type `ProgramEscrowContract`
    --> src/lib.rs:1497:5
     |
1497 | /     pub fn single_payout(
1498 | |         env: Env,
1499 | |         program_id: String,
1500 | |         recipient: Address,
1501 | |         amount: i128,
1502 | |     ) -> ProgramData {
     | |____________________^

error[E0599]: no method named `get_program_info` found for struct `ProgramEscrowContract` in the current scope
    --> src/claim_tests.rs:703:25
     |
 703 |     let info = contract.get_program_info(&env);
     |                ---------^^^^^^^^^^^^^^^^------
     |                |        |
     |                |        this is an associated function, not a method
     |                help: use associated function syntax instead: `ProgramEscrowContract::get_program_info(&env)`
     |
    ::: src/lib.rs:724:1
     |
 724 | pub struct ProgramEscrowContract;
     | -------------------------------- method `get_program_info` not found for this struct
     |
     = note: found the following associated functions; to be used as methods, functions must have a `self` parameter
note: the candidate is defined in an impl for the type `ProgramEscrowContract`
    --> src/lib.rs:2209:5
     |
2209 |     pub fn get_program_info(env: Env, program_id: String) -> ProgramData {
     |     ^^^^^^^^^^^^^^^^^^^^^^^^^^^^^^^^^^^^^^^^^^^^^^^^^^^^^^^^^^^^^^^^^^^^

error[E0599]: no method named `set_invoker` found for struct `Env` in the current scope
   --> src/claim_tests.rs:723:13
    |
723 |         env.set_invoker(&admin);
    |             ^^^^^^^^^^^ method not found in `Env`

error[E0599]: no method named `single_payout` found for struct `ProgramEscrowContract` in the current scope
    --> src/claim_tests.rs:724:18
     |
 724 |         contract.single_payout(&env, recipient1, 25_000_000_000);
     |         ---------^^^^^^^^^^^^^----------------------------------
     |         |        |
     |         |        this is an associated function, not a method
     |         help: use associated function syntax instead: `ProgramEscrowContract::single_payout(&env, recipient1, 25_000_000_000)`
     |
    ::: src/lib.rs:724:1
     |
 724 | pub struct ProgramEscrowContract;
     | -------------------------------- method `single_payout` not found for this struct
     |
     = note: found the following associated functions; to be used as methods, functions must have a `self` parameter
note: the candidate is defined in an impl for the type `ProgramEscrowContract`
    --> src/lib.rs:1497:5
     |
1497 | /     pub fn single_payout(
1498 | |         env: Env,
1499 | |         program_id: String,
1500 | |         recipient: Address,
1501 | |         amount: i128,
1502 | |     ) -> ProgramData {
     | |____________________^

error[E0599]: no method named `single_payout` found for struct `ProgramEscrowContract` in the current scope
    --> src/claim_tests.rs:725:18
     |
 725 |         contract.single_payout(&env, recipient2, 35_000_000_000);
     |         ---------^^^^^^^^^^^^^----------------------------------
     |         |        |
     |         |        this is an associated function, not a method
     |         help: use associated function syntax instead: `ProgramEscrowContract::single_payout(&env, recipient2, 35_000_000_000)`
     |
    ::: src/lib.rs:724:1
     |
 724 | pub struct ProgramEscrowContract;
     | -------------------------------- method `single_payout` not found for this struct
     |
     = note: found the following associated functions; to be used as methods, functions must have a `self` parameter
note: the candidate is defined in an impl for the type `ProgramEscrowContract`
    --> src/lib.rs:1497:5
     |
1497 | /     pub fn single_payout(
1498 | |         env: Env,
1499 | |         program_id: String,
1500 | |         recipient: Address,
1501 | |         amount: i128,
1502 | |     ) -> ProgramData {
     | |____________________^

error[E0308]: mismatched types
    --> src/claim_tests.rs:722:21
     |
 722 |     env.as_contract(&contract, || {
     |         ----------- ^^^^^^^^^ expected `&Address`, found `&ProgramEscrowContract`
     |         |
     |         arguments to this method are incorrect
     |
     = note: expected reference `&soroban_sdk::Address`
                found reference `&ProgramEscrowContract`
note: method defined here
    --> /home/merlinthewhiz/.cargo/registry/src/index.crates.io-1949cf8c6b5b557f/soroban-sdk-22.0.9/src/env.rs:1520:12
     |
1520 |     pub fn as_contract<T>(&self, id: &Address, f: impl FnOnce() -> T) -> T {
     |            ^^^^^^^^^^^

error[E0599]: no method named `get_program_info` found for struct `ProgramEscrowContract` in the current scope
    --> src/claim_tests.rs:728:25
     |
 728 |     let info = contract.get_program_info(&env);
     |                ---------^^^^^^^^^^^^^^^^------
     |                |        |
     |                |        this is an associated function, not a method
     |                help: use associated function syntax instead: `ProgramEscrowContract::get_program_info(&env)`
     |
    ::: src/lib.rs:724:1
     |
 724 | pub struct ProgramEscrowContract;
     | -------------------------------- method `get_program_info` not found for this struct
     |
     = note: found the following associated functions; to be used as methods, functions must have a `self` parameter
note: the candidate is defined in an impl for the type `ProgramEscrowContract`
    --> src/lib.rs:2209:5
     |
2209 |     pub fn get_program_info(env: Env, program_id: String) -> ProgramData {
     |     ^^^^^^^^^^^^^^^^^^^^^^^^^^^^^^^^^^^^^^^^^^^^^^^^^^^^^^^^^^^^^^^^^^^^

error[E0308]: mismatched types
   --> src/claim_tests.rs:741:9
    |
741 |     let (contract, _, _, _) = setup_program_with_funds(&env, 50_000_000_000);
    |         ^^^^^^^^^^^^^^^^^^^   ---------------------------------------------- this expression has type `(ProgramEscrowContract, Address, Address, String, Address)`
    |         |
    |         expected a tuple with 5 elements, found one with 4 elements
    |
    = note: expected tuple `(ProgramEscrowContract, soroban_sdk::Address, soroban_sdk::Address, soroban_sdk::String, soroban_sdk::Address)`
               found tuple `(_, _, _, _)`
    = note: the full name for the type has been written to '/home/merlinthewhiz/Documents/grainlify/contracts/program-escrow/target/debug/deps/program_escrow-9c39280d478e2300.long-type-7153203553452752625.txt'
    = note: consider using `--verbose` to print the full type name to the console

error[E0599]: no method named `get_remaining_balance` found for struct `ProgramEscrowContract` in the current scope
    --> src/claim_tests.rs:752:25
     |
 752 |     assert_eq!(contract.get_remaining_balance(&env), 0);
     |                ---------^^^^^^^^^^^^^^^^^^^^^------
     |                |        |
     |                |        this is an associated function, not a method
     |                help: use associated function syntax instead: `ProgramEscrowContract::get_remaining_balance(&env)`
     |
    ::: src/lib.rs:724:1
     |
 724 | pub struct ProgramEscrowContract;
     | -------------------------------- method `get_remaining_balance` not found for this struct
     |
     = note: found the following associated functions; to be used as methods, functions must have a `self` parameter
note: the candidate is defined in an impl for the type `ProgramEscrowContract`
    --> src/lib.rs:2227:5
     |
2227 |     pub fn get_remaining_balance(env: Env, program_id: String) -> i128 {
     |     ^^^^^^^^^^^^^^^^^^^^^^^^^^^^^^^^^^^^^^^^^^^^^^^^^^^^^^^^^^^^^^^^^^

error[E0599]: no method named `lock_program_funds` found for struct `ProgramEscrowContract` in the current scope
    --> src/claim_tests.rs:755:14
     |
 755 |     contract.lock_program_funds(&env, 100_000_000_000);
     |     ---------^^^^^^^^^^^^^^^^^^-----------------------
     |     |        |
     |     |        this is an associated function, not a method
     |     help: use associated function syntax instead: `ProgramEscrowContract::lock_program_funds(&env, 100_000_000_000)`
     |
    ::: src/lib.rs:724:1
     |
 724 | pub struct ProgramEscrowContract;
     | -------------------------------- method `lock_program_funds` not found for this struct
     |
     = note: found the following associated functions; to be used as methods, functions must have a `self` parameter
note: the candidate is defined in an impl for the type `ProgramEscrowContract`
    --> src/lib.rs:1102:5
     |
1102 |     pub fn lock_program_funds(env: Env, program_id: String, amount: i128) -> ProgramData {
     |     ^^^^^^^^^^^^^^^^^^^^^^^^^^^^^^^^^^^^^^^^^^^^^^^^^^^^^^^^^^^^^^^^^^^^^^^^^^^^^^^^^^^^

error[E0599]: no method named `get_remaining_balance` found for struct `ProgramEscrowContract` in the current scope
    --> src/claim_tests.rs:756:25
     |
 756 |     assert_eq!(contract.get_remaining_balance(&env), 100_000_000_000);
     |                ---------^^^^^^^^^^^^^^^^^^^^^------
     |                |        |
     |                |        this is an associated function, not a method
     |                help: use associated function syntax instead: `ProgramEscrowContract::get_remaining_balance(&env)`
     |
    ::: src/lib.rs:724:1
     |
 724 | pub struct ProgramEscrowContract;
     | -------------------------------- method `get_remaining_balance` not found for this struct
     |
     = note: found the following associated functions; to be used as methods, functions must have a `self` parameter
note: the candidate is defined in an impl for the type `ProgramEscrowContract`
    --> src/lib.rs:2227:5
     |
2227 |     pub fn get_remaining_balance(env: Env, program_id: String) -> i128 {
     |     ^^^^^^^^^^^^^^^^^^^^^^^^^^^^^^^^^^^^^^^^^^^^^^^^^^^^^^^^^^^^^^^^^^

error[E0599]: no method named `set_invoker` found for struct `Env` in the current scope
   --> src/claim_tests.rs:761:13
    |
761 |         env.set_invoker(&admin);
    |             ^^^^^^^^^^^ method not found in `Env`

error[E0599]: no method named `single_payout` found for struct `ProgramEscrowContract` in the current scope
    --> src/claim_tests.rs:762:18
     |
 762 |         contract.single_payout(&env, recipient, 30_000_000_000);
     |         ---------^^^^^^^^^^^^^---------------------------------
     |         |        |
     |         |        this is an associated function, not a method
     |         help: use associated function syntax instead: `ProgramEscrowContract::single_payout(&env, recipient, 30_000_000_000)`
     |
    ::: src/lib.rs:724:1
     |
 724 | pub struct ProgramEscrowContract;
     | -------------------------------- method `single_payout` not found for this struct
     |
     = note: found the following associated functions; to be used as methods, functions must have a `self` parameter
note: the candidate is defined in an impl for the type `ProgramEscrowContract`
    --> src/lib.rs:1497:5
     |
1497 | /     pub fn single_payout(
1498 | |         env: Env,
1499 | |         program_id: String,
1500 | |         recipient: Address,
1501 | |         amount: i128,
1502 | |     ) -> ProgramData {
     | |____________________^

error[E0308]: mismatched types
    --> src/claim_tests.rs:760:21
     |
 760 |     env.as_contract(&contract, || {
     |         ----------- ^^^^^^^^^ expected `&Address`, found `&ProgramEscrowContract`
     |         |
     |         arguments to this method are incorrect
     |
     = note: expected reference `&soroban_sdk::Address`
                found reference `&ProgramEscrowContract`
note: method defined here
    --> /home/merlinthewhiz/.cargo/registry/src/index.crates.io-1949cf8c6b5b557f/soroban-sdk-22.0.9/src/env.rs:1520:12
     |
1520 |     pub fn as_contract<T>(&self, id: &Address, f: impl FnOnce() -> T) -> T {
     |            ^^^^^^^^^^^

error[E0599]: no method named `get_remaining_balance` found for struct `ProgramEscrowContract` in the current scope
    --> src/claim_tests.rs:764:25
     |
 764 |     assert_eq!(contract.get_remaining_balance(&env), 70_000_000_000);
     |                ---------^^^^^^^^^^^^^^^^^^^^^------
     |                |        |
     |                |        this is an associated function, not a method
     |                help: use associated function syntax instead: `ProgramEscrowContract::get_remaining_balance(&env)`
     |
    ::: src/lib.rs:724:1
     |
 724 | pub struct ProgramEscrowContract;
     | -------------------------------- method `get_remaining_balance` not found for this struct
     |
     = note: found the following associated functions; to be used as methods, functions must have a `self` parameter
note: the candidate is defined in an impl for the type `ProgramEscrowContract`
    --> src/lib.rs:2227:5
     |
2227 |     pub fn get_remaining_balance(env: Env, program_id: String) -> i128 {
     |     ^^^^^^^^^^^^^^^^^^^^^^^^^^^^^^^^^^^^^^^^^^^^^^^^^^^^^^^^^^^^^^^^^^

error[E0599]: no method named `lock_program_funds` found for struct `ProgramEscrowContract` in the current scope
    --> src/claim_tests.rs:767:14
     |
 767 |     contract.lock_program_funds(&env, 50_000_000_000);
     |     ---------^^^^^^^^^^^^^^^^^^----------------------
     |     |        |
     |     |        this is an associated function, not a method
     |     help: use associated function syntax instead: `ProgramEscrowContract::lock_program_funds(&env, 50_000_000_000)`
     |
    ::: src/lib.rs:724:1
     |
 724 | pub struct ProgramEscrowContract;
     | -------------------------------- method `lock_program_funds` not found for this struct
     |
     = note: found the following associated functions; to be used as methods, functions must have a `self` parameter
note: the candidate is defined in an impl for the type `ProgramEscrowContract`
    --> src/lib.rs:1102:5
     |
1102 |     pub fn lock_program_funds(env: Env, program_id: String, amount: i128) -> ProgramData {
     |     ^^^^^^^^^^^^^^^^^^^^^^^^^^^^^^^^^^^^^^^^^^^^^^^^^^^^^^^^^^^^^^^^^^^^^^^^^^^^^^^^^^^^

error[E0599]: no method named `get_remaining_balance` found for struct `ProgramEscrowContract` in the current scope
    --> src/claim_tests.rs:768:25
     |
 768 |     assert_eq!(contract.get_remaining_balance(&env), 120_000_000_000);
     |                ---------^^^^^^^^^^^^^^^^^^^^^------
     |                |        |
     |                |        this is an associated function, not a method
     |                help: use associated function syntax instead: `ProgramEscrowContract::get_remaining_balance(&env)`
     |
    ::: src/lib.rs:724:1
     |
 724 | pub struct ProgramEscrowContract;
     | -------------------------------- method `get_remaining_balance` not found for this struct
     |
     = note: found the following associated functions; to be used as methods, functions must have a `self` parameter
note: the candidate is defined in an impl for the type `ProgramEscrowContract`
    --> src/lib.rs:2227:5
     |
2227 |     pub fn get_remaining_balance(env: Env, program_id: String) -> i128 {
     |     ^^^^^^^^^^^^^^^^^^^^^^^^^^^^^^^^^^^^^^^^^^^^^^^^^^^^^^^^^^^^^^^^^^

error[E0599]: no method named `get_program_info` found for struct `ProgramEscrowContract` in the current scope
    --> src/claim_tests.rs:777:14
     |
 777 |     contract.get_program_info(&env);
     |     ---------^^^^^^^^^^^^^^^^------
     |     |        |
     |     |        this is an associated function, not a method
     |     help: use associated function syntax instead: `ProgramEscrowContract::get_program_info(&env)`
     |
    ::: src/lib.rs:724:1
     |
 724 | pub struct ProgramEscrowContract;
     | -------------------------------- method `get_program_info` not found for this struct
     |
     = note: found the following associated functions; to be used as methods, functions must have a `self` parameter
note: the candidate is defined in an impl for the type `ProgramEscrowContract`
    --> src/lib.rs:2209:5
     |
2209 |     pub fn get_program_info(env: Env, program_id: String) -> ProgramData {
     |     ^^^^^^^^^^^^^^^^^^^^^^^^^^^^^^^^^^^^^^^^^^^^^^^^^^^^^^^^^^^^^^^^^^^^

error[E0599]: no method named `get_remaining_balance` found for struct `ProgramEscrowContract` in the current scope
    --> src/claim_tests.rs:786:14
     |
 786 |     contract.get_remaining_balance(&env);
     |     ---------^^^^^^^^^^^^^^^^^^^^^------
     |     |        |
     |     |        this is an associated function, not a method
     |     help: use associated function syntax instead: `ProgramEscrowContract::get_remaining_balance(&env)`
     |
    ::: src/lib.rs:724:1
     |
 724 | pub struct ProgramEscrowContract;
     | -------------------------------- method `get_remaining_balance` not found for this struct
     |
     = note: found the following associated functions; to be used as methods, functions must have a `self` parameter
note: the candidate is defined in an impl for the type `ProgramEscrowContract`
    --> src/lib.rs:2227:5
     |
2227 |     pub fn get_remaining_balance(env: Env, program_id: String) -> i128 {
     |     ^^^^^^^^^^^^^^^^^^^^^^^^^^^^^^^^^^^^^^^^^^^^^^^^^^^^^^^^^^^^^^^^^^

error[E0599]: no method named `init_program` found for struct `ProgramEscrowContract` in the current scope
   --> src/claim_tests.rs:802:33
    |
802 |     let program_data = contract.init_program(&env, program_id.clone(), admin.clone(), token.clone());
    |                                 ^^^^^^^^^^^^ method not found in `ProgramEscrowContract`
    |
   ::: src/lib.rs:724:1
    |
724 | pub struct ProgramEscrowContract;
    | -------------------------------- method `init_program` not found for this struct

error[E0599]: no method named `lock_program_funds` found for struct `ProgramEscrowContract` in the current scope
    --> src/claim_tests.rs:807:14
     |
 807 |     contract.lock_program_funds(&env, 500_000_000_000);
     |     ---------^^^^^^^^^^^^^^^^^^-----------------------
     |     |        |
     |     |        this is an associated function, not a method
     |     help: use associated function syntax instead: `ProgramEscrowContract::lock_program_funds(&env, 500_000_000_000)`
     |
    ::: src/lib.rs:724:1
     |
 724 | pub struct ProgramEscrowContract;
     | -------------------------------- method `lock_program_funds` not found for this struct
     |
     = note: found the following associated functions; to be used as methods, functions must have a `self` parameter
note: the candidate is defined in an impl for the type `ProgramEscrowContract`
    --> src/lib.rs:1102:5
     |
1102 |     pub fn lock_program_funds(env: Env, program_id: String, amount: i128) -> ProgramData {
     |     ^^^^^^^^^^^^^^^^^^^^^^^^^^^^^^^^^^^^^^^^^^^^^^^^^^^^^^^^^^^^^^^^^^^^^^^^^^^^^^^^^^^^

error[E0599]: no method named `get_remaining_balance` found for struct `ProgramEscrowContract` in the current scope
    --> src/claim_tests.rs:808:25
     |
 808 |     assert_eq!(contract.get_remaining_balance(&env), 500_000_000_000);
     |                ---------^^^^^^^^^^^^^^^^^^^^^------
     |                |        |
     |                |        this is an associated function, not a method
     |                help: use associated function syntax instead: `ProgramEscrowContract::get_remaining_balance(&env)`
     |
    ::: src/lib.rs:724:1
     |
 724 | pub struct ProgramEscrowContract;
     | -------------------------------- method `get_remaining_balance` not found for this struct
     |
     = note: found the following associated functions; to be used as methods, functions must have a `self` parameter
note: the candidate is defined in an impl for the type `ProgramEscrowContract`
    --> src/lib.rs:2227:5
     |
2227 |     pub fn get_remaining_balance(env: Env, program_id: String) -> i128 {
     |     ^^^^^^^^^^^^^^^^^^^^^^^^^^^^^^^^^^^^^^^^^^^^^^^^^^^^^^^^^^^^^^^^^^

error[E0308]: mismatched types
   --> src/claim_tests.rs:812:9
    |
811 |       let recipients = vec![
    |  ______________________-
812 | |         Address::generate(&env),
    | |         ^^^^^^^^^^^^^^^^^^^^^^^ expected `&Env`, found `Address`
813 | |         Address::generate(&env),
814 | |         Address::generate(&env),
815 | |         Address::generate(&env),
816 | |         Address::generate(&env),
817 | |     ];
    | |_____- arguments to this function are incorrect
    |
note: associated function defined here
   --> /home/merlinthewhiz/.cargo/registry/src/index.crates.io-1949cf8c6b5b557f/soroban-sdk-22.0.9/src/vec.rs:362:12
    |
362 |     pub fn from_array<const N: usize>(env: &Env, items: [T; N]) -> Vec<T> {
    |            ^^^^^^^^^^

error[E0599]: no method named `set_invoker` found for struct `Env` in the current scope
   --> src/claim_tests.rs:820:13
    |
820 |         env.set_invoker(&admin);
    |             ^^^^^^^^^^^ method not found in `Env`

error[E0599]: no method named `single_payout` found for struct `ProgramEscrowContract` in the current scope
    --> src/claim_tests.rs:823:18
     |
 823 |         contract.single_payout(&env, recipients.get(0).unwrap(), 50_000_000_000);
     |         ---------^^^^^^^^^^^^^--------------------------------------------------
     |         |        |
     |         |        this is an associated function, not a method
     |         help: use associated function syntax instead: `ProgramEscrowContract::single_payout(&env, recipients.get(0).unwrap(), 50_000_000_000)`
     |
    ::: src/lib.rs:724:1
     |
 724 | pub struct ProgramEscrowContract;
     | -------------------------------- method `single_payout` not found for this struct
     |
     = note: found the following associated functions; to be used as methods, functions must have a `self` parameter
note: the candidate is defined in an impl for the type `ProgramEscrowContract`
    --> src/lib.rs:1497:5
     |
1497 | /     pub fn single_payout(
1498 | |         env: Env,
1499 | |         program_id: String,
1500 | |         recipient: Address,
1501 | |         amount: i128,
1502 | |     ) -> ProgramData {
     | |____________________^

error[E0599]: no method named `get_remaining_balance` found for struct `ProgramEscrowContract` in the current scope
    --> src/claim_tests.rs:824:29
     |
 824 |         assert_eq!(contract.get_remaining_balance(&env), 450_000_000_000);
     |                    ---------^^^^^^^^^^^^^^^^^^^^^------
     |                    |        |
     |                    |        this is an associated function, not a method
     |                    help: use associated function syntax instead: `ProgramEscrowContract::get_remaining_balance(&env)`
     |
    ::: src/lib.rs:724:1
     |
 724 | pub struct ProgramEscrowContract;
     | -------------------------------- method `get_remaining_balance` not found for this struct
     |
     = note: found the following associated functions; to be used as methods, functions must have a `self` parameter
note: the candidate is defined in an impl for the type `ProgramEscrowContract`
    --> src/lib.rs:2227:5
     |
2227 |     pub fn get_remaining_balance(env: Env, program_id: String) -> i128 {
     |     ^^^^^^^^^^^^^^^^^^^^^^^^^^^^^^^^^^^^^^^^^^^^^^^^^^^^^^^^^^^^^^^^^^

error[E0599]: no method named `single_payout` found for struct `ProgramEscrowContract` in the current scope
    --> src/claim_tests.rs:826:18
     |
 826 |         contract.single_payout(&env, recipients.get(1).unwrap(), 75_000_000_000);
     |         ---------^^^^^^^^^^^^^--------------------------------------------------
     |         |        |
     |         |        this is an associated function, not a method
     |         help: use associated function syntax instead: `ProgramEscrowContract::single_payout(&env, recipients.get(1).unwrap(), 75_000_000_000)`
     |
    ::: src/lib.rs:724:1
     |
 724 | pub struct ProgramEscrowContract;
     | -------------------------------- method `single_payout` not found for this struct
     |
     = note: found the following associated functions; to be used as methods, functions must have a `self` parameter
note: the candidate is defined in an impl for the type `ProgramEscrowContract`
    --> src/lib.rs:1497:5
     |
1497 | /     pub fn single_payout(
1498 | |         env: Env,
1499 | |         program_id: String,
1500 | |         recipient: Address,
1501 | |         amount: i128,
1502 | |     ) -> ProgramData {
     | |____________________^

error[E0599]: no method named `get_remaining_balance` found for struct `ProgramEscrowContract` in the current scope
    --> src/claim_tests.rs:827:29
     |
 827 |         assert_eq!(contract.get_remaining_balance(&env), 375_000_000_000);
     |                    ---------^^^^^^^^^^^^^^^^^^^^^------
     |                    |        |
     |                    |        this is an associated function, not a method
     |                    help: use associated function syntax instead: `ProgramEscrowContract::get_remaining_balance(&env)`
     |
    ::: src/lib.rs:724:1
     |
 724 | pub struct ProgramEscrowContract;
     | -------------------------------- method `get_remaining_balance` not found for this struct
     |
     = note: found the following associated functions; to be used as methods, functions must have a `self` parameter
note: the candidate is defined in an impl for the type `ProgramEscrowContract`
    --> src/lib.rs:2227:5
     |
2227 |     pub fn get_remaining_balance(env: Env, program_id: String) -> i128 {
     |     ^^^^^^^^^^^^^^^^^^^^^^^^^^^^^^^^^^^^^^^^^^^^^^^^^^^^^^^^^^^^^^^^^^

error[E0599]: no method named `batch_payout` found for struct `ProgramEscrowContract` in the current scope
    --> src/claim_tests.rs:832:18
     |
 832 |         contract.batch_payout(&env, batch_recipients, batch_amounts);
     |         ---------^^^^^^^^^^^^---------------------------------------
     |         |        |
     |         |        this is an associated function, not a method
     |         help: use associated function syntax instead: `ProgramEscrowContract::batch_payout(&env, batch_recipients, batch_amounts)`
     |
    ::: src/lib.rs:724:1
     |
 724 | pub struct ProgramEscrowContract;
     | -------------------------------- method `batch_payout` not found for this struct
     |
     = note: found the following associated functions; to be used as methods, functions must have a `self` parameter
note: the candidate is defined in an impl for the type `ProgramEscrowContract`
    --> src/lib.rs:1269:5
     |
1269 | /     pub fn batch_payout(
1270 | |         env: Env,
1271 | |         program_id: String,
1272 | |         recipients: Vec<Address>,
1273 | |         amounts: Vec<i128>,
1274 | |     ) -> ProgramData {
     | |____________________^

error[E0599]: no method named `get_remaining_balance` found for struct `ProgramEscrowContract` in the current scope
    --> src/claim_tests.rs:833:29
     |
 833 |         assert_eq!(contract.get_remaining_balance(&env), 195_000_000_000);
     |                    ---------^^^^^^^^^^^^^^^^^^^^^------
     |                    |        |
     |                    |        this is an associated function, not a method
     |                    help: use associated function syntax instead: `ProgramEscrowContract::get_remaining_balance(&env)`
     |
    ::: src/lib.rs:724:1
     |
 724 | pub struct ProgramEscrowContract;
     | -------------------------------- method `get_remaining_balance` not found for this struct
     |
     = note: found the following associated functions; to be used as methods, functions must have a `self` parameter
note: the candidate is defined in an impl for the type `ProgramEscrowContract`
    --> src/lib.rs:2227:5
     |
2227 |     pub fn get_remaining_balance(env: Env, program_id: String) -> i128 {
     |     ^^^^^^^^^^^^^^^^^^^^^^^^^^^^^^^^^^^^^^^^^^^^^^^^^^^^^^^^^^^^^^^^^^

error[E0599]: no method named `single_payout` found for struct `ProgramEscrowContract` in the current scope
    --> src/claim_tests.rs:836:18
     |
 836 |         contract.single_payout(&env, recipients.get(4).unwrap(), 95_000_000_000);
     |         ---------^^^^^^^^^^^^^--------------------------------------------------
     |         |        |
     |         |        this is an associated function, not a method
     |         help: use associated function syntax instead: `ProgramEscrowContract::single_payout(&env, recipients.get(4).unwrap(), 95_000_000_000)`
     |
    ::: src/lib.rs:724:1
     |
 724 | pub struct ProgramEscrowContract;
     | -------------------------------- method `single_payout` not found for this struct
     |
     = note: found the following associated functions; to be used as methods, functions must have a `self` parameter
note: the candidate is defined in an impl for the type `ProgramEscrowContract`
    --> src/lib.rs:1497:5
     |
1497 | /     pub fn single_payout(
1498 | |         env: Env,
1499 | |         program_id: String,
1500 | |         recipient: Address,
1501 | |         amount: i128,
1502 | |     ) -> ProgramData {
     | |____________________^

error[E0599]: no method named `get_remaining_balance` found for struct `ProgramEscrowContract` in the current scope
    --> src/claim_tests.rs:837:29
     |
 837 |         assert_eq!(contract.get_remaining_balance(&env), 100_000_000_000);
     |                    ---------^^^^^^^^^^^^^^^^^^^^^------
     |                    |        |
     |                    |        this is an associated function, not a method
     |                    help: use associated function syntax instead: `ProgramEscrowContract::get_remaining_balance(&env)`
     |
    ::: src/lib.rs:724:1
     |
 724 | pub struct ProgramEscrowContract;
     | -------------------------------- method `get_remaining_balance` not found for this struct
     |
     = note: found the following associated functions; to be used as methods, functions must have a `self` parameter
note: the candidate is defined in an impl for the type `ProgramEscrowContract`
    --> src/lib.rs:2227:5
     |
2227 |     pub fn get_remaining_balance(env: Env, program_id: String) -> i128 {
     |     ^^^^^^^^^^^^^^^^^^^^^^^^^^^^^^^^^^^^^^^^^^^^^^^^^^^^^^^^^^^^^^^^^^

error[E0308]: mismatched types
    --> src/claim_tests.rs:819:21
     |
 819 |     env.as_contract(&contract, || {
     |         ----------- ^^^^^^^^^ expected `&Address`, found `&ProgramEscrowContract`
     |         |
     |         arguments to this method are incorrect
     |
     = note: expected reference `&soroban_sdk::Address`
                found reference `&ProgramEscrowContract`
note: method defined here
    --> /home/merlinthewhiz/.cargo/registry/src/index.crates.io-1949cf8c6b5b557f/soroban-sdk-22.0.9/src/env.rs:1520:12
     |
1520 |     pub fn as_contract<T>(&self, id: &Address, f: impl FnOnce() -> T) -> T {
     |            ^^^^^^^^^^^

error[E0599]: no method named `get_program_info` found for struct `ProgramEscrowContract` in the current scope
    --> src/claim_tests.rs:841:31
     |
 841 |     let final_info = contract.get_program_info(&env);
     |                      ---------^^^^^^^^^^^^^^^^------
     |                      |        |
     |                      |        this is an associated function, not a method
     |                      help: use associated function syntax instead: `ProgramEscrowContract::get_program_info(&env)`
     |
    ::: src/lib.rs:724:1
     |
 724 | pub struct ProgramEscrowContract;
     | -------------------------------- method `get_program_info` not found for this struct
     |
     = note: found the following associated functions; to be used as methods, functions must have a `self` parameter
note: the candidate is defined in an impl for the type `ProgramEscrowContract`
    --> src/lib.rs:2209:5
     |
2209 |     pub fn get_program_info(env: Env, program_id: String) -> ProgramData {
     |     ^^^^^^^^^^^^^^^^^^^^^^^^^^^^^^^^^^^^^^^^^^^^^^^^^^^^^^^^^^^^^^^^^^^^

error[E0599]: no method named `lock_program_funds` found for struct `ProgramEscrowContract` in the current scope
    --> src/claim_tests.rs:847:14
     |
 847 |     contract.lock_program_funds(&env, 200_000_000_000);
     |     ---------^^^^^^^^^^^^^^^^^^-----------------------
     |     |        |
     |     |        this is an associated function, not a method
     |     help: use associated function syntax instead: `ProgramEscrowContract::lock_program_funds(&env, 200_000_000_000)`
     |
    ::: src/lib.rs:724:1
     |
 724 | pub struct ProgramEscrowContract;
     | -------------------------------- method `lock_program_funds` not found for this struct
     |
     = note: found the following associated functions; to be used as methods, functions must have a `self` parameter
note: the candidate is defined in an impl for the type `ProgramEscrowContract`
    --> src/lib.rs:1102:5
     |
1102 |     pub fn lock_program_funds(env: Env, program_id: String, amount: i128) -> ProgramData {
     |     ^^^^^^^^^^^^^^^^^^^^^^^^^^^^^^^^^^^^^^^^^^^^^^^^^^^^^^^^^^^^^^^^^^^^^^^^^^^^^^^^^^^^

error[E0599]: no method named `get_remaining_balance` found for struct `ProgramEscrowContract` in the current scope
    --> src/claim_tests.rs:848:25
     |
 848 |     assert_eq!(contract.get_remaining_balance(&env), 300_000_000_000);
     |                ---------^^^^^^^^^^^^^^^^^^^^^------
     |                |        |
     |                |        this is an associated function, not a method
     |                help: use associated function syntax instead: `ProgramEscrowContract::get_remaining_balance(&env)`
     |
    ::: src/lib.rs:724:1
     |
 724 | pub struct ProgramEscrowContract;
     | -------------------------------- method `get_remaining_balance` not found for this struct
     |
     = note: found the following associated functions; to be used as methods, functions must have a `self` parameter
note: the candidate is defined in an impl for the type `ProgramEscrowContract`
    --> src/lib.rs:2227:5
     |
2227 |     pub fn get_remaining_balance(env: Env, program_id: String) -> i128 {
     |     ^^^^^^^^^^^^^^^^^^^^^^^^^^^^^^^^^^^^^^^^^^^^^^^^^^^^^^^^^^^^^^^^^^

error[E0599]: no method named `get_program_info` found for struct `ProgramEscrowContract` in the current scope
    --> src/claim_tests.rs:849:31
     |
 849 |     let final_info = contract.get_program_info(&env);
     |                      ---------^^^^^^^^^^^^^^^^------
     |                      |        |
     |                      |        this is an associated function, not a method
     |                      help: use associated function syntax instead: `ProgramEscrowContract::get_program_info(&env)`
     |
    ::: src/lib.rs:724:1
     |
 724 | pub struct ProgramEscrowContract;
     | -------------------------------- method `get_program_info` not found for this struct
     |
     = note: found the following associated functions; to be used as methods, functions must have a `self` parameter
note: the candidate is defined in an impl for the type `ProgramEscrowContract`
    --> src/lib.rs:2209:5
     |
2209 |     pub fn get_program_info(env: Env, program_id: String) -> ProgramData {
     |     ^^^^^^^^^^^^^^^^^^^^^^^^^^^^^^^^^^^^^^^^^^^^^^^^^^^^^^^^^^^^^^^^^^^^

error[E0599]: no method named `set_invoker` found for struct `Env` in the current scope
   --> src/claim_tests.rs:863:13
    |
863 |         env.set_invoker(&admin);
    |             ^^^^^^^^^^^ method not found in `Env`

error[E0599]: no method named `single_payout` found for struct `ProgramEscrowContract` in the current scope
    --> src/claim_tests.rs:866:18
     |
 866 |         contract.single_payout(&env, recipient1, 60_000_000_000);
     |         ---------^^^^^^^^^^^^^----------------------------------
     |         |        |
     |         |        this is an associated function, not a method
     |         help: use associated function syntax instead: `ProgramEscrowContract::single_payout(&env, recipient1, 60_000_000_000)`
     |
    ::: src/lib.rs:724:1
     |
 724 | pub struct ProgramEscrowContract;
     | -------------------------------- method `single_payout` not found for this struct
     |
     = note: found the following associated functions; to be used as methods, functions must have a `self` parameter
note: the candidate is defined in an impl for the type `ProgramEscrowContract`
    --> src/lib.rs:1497:5
     |
1497 | /     pub fn single_payout(
1498 | |         env: Env,
1499 | |         program_id: String,
1500 | |         recipient: Address,
1501 | |         amount: i128,
1502 | |     ) -> ProgramData {
     | |____________________^

error[E0599]: no method named `get_remaining_balance` found for struct `ProgramEscrowContract` in the current scope
    --> src/claim_tests.rs:867:29
     |
 867 |         assert_eq!(contract.get_remaining_balance(&env), 40_000_000_000);
     |                    ---------^^^^^^^^^^^^^^^^^^^^^------
     |                    |        |
     |                    |        this is an associated function, not a method
     |                    help: use associated function syntax instead: `ProgramEscrowContract::get_remaining_balance(&env)`
     |
    ::: src/lib.rs:724:1
     |
 724 | pub struct ProgramEscrowContract;
     | -------------------------------- method `get_remaining_balance` not found for this struct
     |
     = note: found the following associated functions; to be used as methods, functions must have a `self` parameter
note: the candidate is defined in an impl for the type `ProgramEscrowContract`
    --> src/lib.rs:2227:5
     |
2227 |     pub fn get_remaining_balance(env: Env, program_id: String) -> i128 {
     |     ^^^^^^^^^^^^^^^^^^^^^^^^^^^^^^^^^^^^^^^^^^^^^^^^^^^^^^^^^^^^^^^^^^

error[E0599]: no method named `single_payout` found for struct `ProgramEscrowContract` in the current scope
    --> src/claim_tests.rs:869:18
     |
 869 |         contract.single_payout(&env, recipient2, 40_000_000_000);
     |         ---------^^^^^^^^^^^^^----------------------------------
     |         |        |
     |         |        this is an associated function, not a method
     |         help: use associated function syntax instead: `ProgramEscrowContract::single_payout(&env, recipient2, 40_000_000_000)`
     |
    ::: src/lib.rs:724:1
     |
 724 | pub struct ProgramEscrowContract;
     | -------------------------------- method `single_payout` not found for this struct
     |
     = note: found the following associated functions; to be used as methods, functions must have a `self` parameter
note: the candidate is defined in an impl for the type `ProgramEscrowContract`
    --> src/lib.rs:1497:5
     |
1497 | /     pub fn single_payout(
1498 | |         env: Env,
1499 | |         program_id: String,
1500 | |         recipient: Address,
1501 | |         amount: i128,
1502 | |     ) -> ProgramData {
     | |____________________^

error[E0599]: no method named `get_remaining_balance` found for struct `ProgramEscrowContract` in the current scope
    --> src/claim_tests.rs:870:29
     |
 870 |         assert_eq!(contract.get_remaining_balance(&env), 0);
     |                    ---------^^^^^^^^^^^^^^^^^^^^^------
     |                    |        |
     |                    |        this is an associated function, not a method
     |                    help: use associated function syntax instead: `ProgramEscrowContract::get_remaining_balance(&env)`
     |
    ::: src/lib.rs:724:1
     |
 724 | pub struct ProgramEscrowContract;
     | -------------------------------- method `get_remaining_balance` not found for this struct
     |
     = note: found the following associated functions; to be used as methods, functions must have a `self` parameter
note: the candidate is defined in an impl for the type `ProgramEscrowContract`
    --> src/lib.rs:2227:5
     |
2227 |     pub fn get_remaining_balance(env: Env, program_id: String) -> i128 {
     |     ^^^^^^^^^^^^^^^^^^^^^^^^^^^^^^^^^^^^^^^^^^^^^^^^^^^^^^^^^^^^^^^^^^

error[E0308]: mismatched types
    --> src/claim_tests.rs:862:21
     |
 862 |     env.as_contract(&contract, || {
     |         ----------- ^^^^^^^^^ expected `&Address`, found `&ProgramEscrowContract`
     |         |
     |         arguments to this method are incorrect
     |
     = note: expected reference `&soroban_sdk::Address`
                found reference `&ProgramEscrowContract`
note: method defined here
    --> /home/merlinthewhiz/.cargo/registry/src/index.crates.io-1949cf8c6b5b557f/soroban-sdk-22.0.9/src/env.rs:1520:12
     |
1520 |     pub fn as_contract<T>(&self, id: &Address, f: impl FnOnce() -> T) -> T {
     |            ^^^^^^^^^^^

error[E0599]: no method named `get_program_info` found for struct `ProgramEscrowContract` in the current scope
    --> src/claim_tests.rs:873:25
     |
 873 |     let info = contract.get_program_info(&env);
     |                ---------^^^^^^^^^^^^^^^^------
     |                |        |
     |                |        this is an associated function, not a method
     |                help: use associated function syntax instead: `ProgramEscrowContract::get_program_info(&env)`
     |
    ::: src/lib.rs:724:1
     |
 724 | pub struct ProgramEscrowContract;
     | -------------------------------- method `get_program_info` not found for this struct
     |
     = note: found the following associated functions; to be used as methods, functions must have a `self` parameter
note: the candidate is defined in an impl for the type `ProgramEscrowContract`
    --> src/lib.rs:2209:5
     |
2209 |     pub fn get_program_info(env: Env, program_id: String) -> ProgramData {
     |     ^^^^^^^^^^^^^^^^^^^^^^^^^^^^^^^^^^^^^^^^^^^^^^^^^^^^^^^^^^^^^^^^^^^^

error[E0308]: mismatched types
   --> src/claim_tests.rs:886:9
    |
886 |     let (contract, admin, _, _) = setup_program_with_funds(&env, 300_000_000_000);
    |         ^^^^^^^^^^^^^^^^^^^^^^^   ----------------------------------------------- this expression has type `(ProgramEscrowContract, Address, Address, String, Address)`
    |         |
    |         expected a tuple with 5 elements, found one with 4 elements
    |
    = note: expected tuple `(ProgramEscrowContract, soroban_sdk::Address, soroban_sdk::Address, soroban_sdk::String, soroban_sdk::Address)`
               found tuple `(_, _, _, _)`
    = note: the full name for the type has been written to '/home/merlinthewhiz/Documents/grainlify/contracts/program-escrow/target/debug/deps/program_escrow-9c39280d478e2300.long-type-7153203553452752625.txt'
    = note: consider using `--verbose` to print the full type name to the console

error[E0308]: mismatched types
   --> src/claim_tests.rs:889:9
    |
888 |       let recipients = vec![
    |  ______________________-
889 | |         Address::generate(&env),
    | |         ^^^^^^^^^^^^^^^^^^^^^^^ expected `&Env`, found `Address`
890 | |         Address::generate(&env),
891 | |         Address::generate(&env),
892 | |         Address::generate(&env),
893 | |     ];
    | |_____- arguments to this function are incorrect
    |
note: associated function defined here
   --> /home/merlinthewhiz/.cargo/registry/src/index.crates.io-1949cf8c6b5b557f/soroban-sdk-22.0.9/src/vec.rs:362:12
    |
362 |     pub fn from_array<const N: usize>(env: &Env, items: [T; N]) -> Vec<T> {
    |            ^^^^^^^^^^

error[E0599]: no method named `set_invoker` found for struct `Env` in the current scope
   --> src/claim_tests.rs:896:13
    |
896 |         env.set_invoker(&admin);
    |             ^^^^^^^^^^^ method not found in `Env`

error[E0308]: mismatched types
   --> src/claim_tests.rs:923:9
    |
923 |     let (contract, admin, _, _) = setup_program_with_funds(&env, 1_000_000_000_000);
    |         ^^^^^^^^^^^^^^^^^^^^^^^   ------------------------------------------------- this expression has type `(ProgramEscrowContract, Address, Address, String, Address)`
    |         |
    |         expected a tuple with 5 elements, found one with 4 elements
    |
    = note: expected tuple `(ProgramEscrowContract, soroban_sdk::Address, soroban_sdk::Address, soroban_sdk::String, soroban_sdk::Address)`
               found tuple `(_, _, _, _)`
    = note: the full name for the type has been written to '/home/merlinthewhiz/Documents/grainlify/contracts/program-escrow/target/debug/deps/program_escrow-9c39280d478e2300.long-type-7153203553452752625.txt'
    = note: consider using `--verbose` to print the full type name to the console

error[E0599]: no method named `set_invoker` found for struct `Env` in the current scope
   --> src/claim_tests.rs:926:13
    |
926 |         env.set_invoker(&admin);
    |             ^^^^^^^^^^^ method not found in `Env`

error[E0599]: no method named `set_invoker` found for struct `Env` in the current scope
   --> src/claim_tests.rs:950:13
    |
950 |         env.set_invoker(&admin);
    |             ^^^^^^^^^^^ method not found in `Env`

error[E0599]: no method named `single_payout` found for struct `ProgramEscrowContract` in the current scope
    --> src/claim_tests.rs:953:18
     |
 953 |         contract.single_payout(&env, recipient1.clone(), 25_000_000_000);
     |         ---------^^^^^^^^^^^^^------------------------------------------
     |         |        |
     |         |        this is an associated function, not a method
     |         help: use associated function syntax instead: `ProgramEscrowContract::single_payout(&env, recipient1.clone(), 25_000_000_000)`
     |
    ::: src/lib.rs:724:1
     |
 724 | pub struct ProgramEscrowContract;
     | -------------------------------- method `single_payout` not found for this struct
     |
     = note: found the following associated functions; to be used as methods, functions must have a `self` parameter
note: the candidate is defined in an impl for the type `ProgramEscrowContract`
    --> src/lib.rs:1497:5
     |
1497 | /     pub fn single_payout(
1498 | |         env: Env,
1499 | |         program_id: String,
1500 | |         recipient: Address,
1501 | |         amount: i128,
1502 | |     ) -> ProgramData {
     | |____________________^

error[E0599]: no method named `set_timestamp` found for struct `soroban_sdk::ledger::Ledger` in the current scope
   --> src/claim_tests.rs:957:22
    |
957 |         env.ledger().set_timestamp(first_timestamp + 3600); // +1 hour
    |                      ^^^^^^^^^^^^^
    |
   ::: /home/merlinthewhiz/.cargo/registry/src/index.crates.io-1949cf8c6b5b557f/soroban-sdk-22.0.9/src/testutils.rs:263:8
    |
263 |     fn set_timestamp(&self, timestamp: u64);
    |        ------------- the method is available for `soroban_sdk::ledger::Ledger` here
    |
    = help: items from traits can only be used if the trait is in scope
help: there is a method `timestamp` with a similar name, but with different arguments
   --> /home/merlinthewhiz/.cargo/registry/src/index.crates.io-1949cf8c6b5b557f/soroban-sdk-22.0.9/src/ledger.rs:87:5
    |
 87 |     pub fn timestamp(&self) -> u64 {
    |     ^^^^^^^^^^^^^^^^^^^^^^^^^^^^^^
help: trait `Ledger` which provides `set_timestamp` is implemented but not in scope; perhaps you want to import it
    |
  3 + use soroban_sdk::testutils::Ledger;
    |

error[E0599]: no method named `single_payout` found for struct `ProgramEscrowContract` in the current scope
    --> src/claim_tests.rs:958:18
     |
 958 |         contract.single_payout(&env, recipient2.clone(), 30_000_000_000);
     |         ---------^^^^^^^^^^^^^------------------------------------------
     |         |        |
     |         |        this is an associated function, not a method
     |         help: use associated function syntax instead: `ProgramEscrowContract::single_payout(&env, recipient2.clone(), 30_000_000_000)`
     |
    ::: src/lib.rs:724:1
     |
 724 | pub struct ProgramEscrowContract;
     | -------------------------------- method `single_payout` not found for this struct
     |
     = note: found the following associated functions; to be used as methods, functions must have a `self` parameter
note: the candidate is defined in an impl for the type `ProgramEscrowContract`
    --> src/lib.rs:1497:5
     |
1497 | /     pub fn single_payout(
1498 | |         env: Env,
1499 | |         program_id: String,
1500 | |         recipient: Address,
1501 | |         amount: i128,
1502 | |     ) -> ProgramData {
     | |____________________^

error[E0599]: no method named `get_program_info` found for struct `ProgramEscrowContract` in the current scope
    --> src/claim_tests.rs:961:29
     |
 961 |         let info = contract.get_program_info(&env);
     |                    ---------^^^^^^^^^^^^^^^^------
     |                    |        |
     |                    |        this is an associated function, not a method
     |                    help: use associated function syntax instead: `ProgramEscrowContract::get_program_info(&env)`
     |
    ::: src/lib.rs:724:1
     |
 724 | pub struct ProgramEscrowContract;
     | -------------------------------- method `get_program_info` not found for this struct
     |
     = note: found the following associated functions; to be used as methods, functions must have a `self` parameter
note: the candidate is defined in an impl for the type `ProgramEscrowContract`
    --> src/lib.rs:2209:5
     |
2209 |     pub fn get_program_info(env: Env, program_id: String) -> ProgramData {
     |     ^^^^^^^^^^^^^^^^^^^^^^^^^^^^^^^^^^^^^^^^^^^^^^^^^^^^^^^^^^^^^^^^^^^^

error[E0308]: mismatched types
    --> src/claim_tests.rs:949:21
     |
 949 |     env.as_contract(&contract, || {
     |         ----------- ^^^^^^^^^ expected `&Address`, found `&ProgramEscrowContract`
     |         |
     |         arguments to this method are incorrect
     |
     = note: expected reference `&soroban_sdk::Address`
                found reference `&ProgramEscrowContract`
note: method defined here
    --> /home/merlinthewhiz/.cargo/registry/src/index.crates.io-1949cf8c6b5b557f/soroban-sdk-22.0.9/src/env.rs:1520:12
     |
1520 |     pub fn as_contract<T>(&self, id: &Address, f: impl FnOnce() -> T) -> T {
     |            ^^^^^^^^^^^

error[E0308]: mismatched types
   --> src/claim_tests.rs:974:9
    |
974 |     let (contract, admin, _, _) = setup_program_with_funds(&env, 200_000_000_000);
    |         ^^^^^^^^^^^^^^^^^^^^^^^   ----------------------------------------------- this expression has type `(ProgramEscrowContract, Address, Address, String, Address)`
    |         |
    |         expected a tuple with 5 elements, found one with 4 elements
    |
    = note: expected tuple `(ProgramEscrowContract, soroban_sdk::Address, soroban_sdk::Address, soroban_sdk::String, soroban_sdk::Address)`
               found tuple `(_, _, _, _)`
    = note: the full name for the type has been written to '/home/merlinthewhiz/Documents/grainlify/contracts/program-escrow/target/debug/deps/program_escrow-9c39280d478e2300.long-type-7153203553452752625.txt'
    = note: consider using `--verbose` to print the full type name to the console

error[E0599]: no method named `set_invoker` found for struct `Env` in the current scope
   --> src/claim_tests.rs:981:13
    |
981 |         env.set_invoker(&admin);
    |             ^^^^^^^^^^^ method not found in `Env`

error[E0599]: no method named `set_program_claim_config` found for struct `ProgramEscrowContract` in the current scope
    --> src/claim_tests.rs:1021:14
     |
1021 |     contract.set_program_claim_config(&env, program_id.clone(), 100);
     |     ---------^^^^^^^^^^^^^^^^^^^^^^^^-------------------------------
     |     |        |
     |     |        this is an associated function, not a method
     |     help: use associated function syntax instead: `ProgramEscrowContract::set_program_claim_config(&env, program_id.clone(), 100)`
     |
    ::: src/lib.rs:724:1
     |
 724 | pub struct ProgramEscrowContract;
     | -------------------------------- method `set_program_claim_config` not found for this struct
     |
     = note: found the following associated functions; to be used as methods, functions must have a `self` parameter
note: the candidate is defined in an impl for the type `ProgramEscrowContract`
    --> src/lib.rs:1636:5
     |
1636 | /     pub fn set_program_claim_config(
1637 | |         env: Env,
1638 | |         program_id: String,
1639 | |         claim_validity_ledgers: u32,
1640 | |     ) -> ProgramData {
     | |____________________^

error[E0599]: no method named `single_payout` found for struct `ProgramEscrowContract` in the current scope
    --> src/claim_tests.rs:1025:18
     |
1025 |         contract.single_payout(&env, program_id.clone(), recipient.clone(), 50_000_000_000);
     |         ---------^^^^^^^^^^^^^-------------------------------------------------------------
     |         |        |
     |         |        this is an associated function, not a method
     |         help: use associated function syntax instead: `ProgramEscrowContract::single_payout(&env, program_id.clone(), recipient.clone(), 50_000_000_000)`
     |
    ::: src/lib.rs:724:1
     |
 724 | pub struct ProgramEscrowContract;
     | -------------------------------- method `single_payout` not found for this struct
     |
     = note: found the following associated functions; to be used as methods, functions must have a `self` parameter
note: the candidate is defined in an impl for the type `ProgramEscrowContract`
    --> src/lib.rs:1497:5
     |
1497 | /     pub fn single_payout(
1498 | |         env: Env,
1499 | |         program_id: String,
1500 | |         recipient: Address,
1501 | |         amount: i128,
1502 | |     ) -> ProgramData {
     | |____________________^

error[E0599]: no method named `claim_payout` found for struct `ProgramEscrowContract` in the current scope
    --> src/claim_tests.rs:1029:39
     |
1029 |     let program_data_after = contract.claim_payout(&env, program_id.clone(), 0);
     |                              ---------^^^^^^^^^^^^-----------------------------
     |                              |        |
     |                              |        this is an associated function, not a method
     |                              help: use associated function syntax instead: `ProgramEscrowContract::claim_payout(&env, program_id.clone(), 0)`
     |
    ::: src/lib.rs:724:1
     |
 724 | pub struct ProgramEscrowContract;
     | -------------------------------- method `claim_payout` not found for this struct
     |
     = note: found the following associated functions; to be used as methods, functions must have a `self` parameter
note: the candidate is defined in an impl for the type `ProgramEscrowContract`
    --> src/lib.rs:1657:5
     |
1657 |     pub fn claim_payout(env: Env, program_id: String, claim_id: u64) -> ProgramData {
     |     ^^^^^^^^^^^^^^^^^^^^^^^^^^^^^^^^^^^^^^^^^^^^^^^^^^^^^^^^^^^^^^^^^^^^^^^^^^^^^^^

error[E0599]: no method named `set_program_claim_config` found for struct `ProgramEscrowContract` in the current scope
    --> src/claim_tests.rs:1041:14
     |
1041 |     contract.set_program_claim_config(&env, program_id.clone(), 10);
     |     ---------^^^^^^^^^^^^^^^^^^^^^^^^------------------------------
     |     |        |
     |     |        this is an associated function, not a method
     |     help: use associated function syntax instead: `ProgramEscrowContract::set_program_claim_config(&env, program_id.clone(), 10)`
     |
    ::: src/lib.rs:724:1
     |
 724 | pub struct ProgramEscrowContract;
     | -------------------------------- method `set_program_claim_config` not found for this struct
     |
     = note: found the following associated functions; to be used as methods, functions must have a `self` parameter
note: the candidate is defined in an impl for the type `ProgramEscrowContract`
    --> src/lib.rs:1636:5
     |
1636 | /     pub fn set_program_claim_config(
1637 | |         env: Env,
1638 | |         program_id: String,
1639 | |         claim_validity_ledgers: u32,
1640 | |     ) -> ProgramData {
     | |____________________^

error[E0599]: no method named `single_payout` found for struct `ProgramEscrowContract` in the current scope
    --> src/claim_tests.rs:1043:14
     |
1043 |     contract.single_payout(&env, program_id.clone(), recipient.clone(), 50_000_000_000);
     |     ---------^^^^^^^^^^^^^-------------------------------------------------------------
     |     |        |
     |     |        this is an associated function, not a method
     |     help: use associated function syntax instead: `ProgramEscrowContract::single_payout(&env, program_id.clone(), recipient.clone(), 50_000_000_000)`
     |
    ::: src/lib.rs:724:1
     |
 724 | pub struct ProgramEscrowContract;
     | -------------------------------- method `single_payout` not found for this struct
     |
     = note: found the following associated functions; to be used as methods, functions must have a `self` parameter
note: the candidate is defined in an impl for the type `ProgramEscrowContract`
    --> src/lib.rs:1497:5
     |
1497 | /     pub fn single_payout(
1498 | |         env: Env,
1499 | |         program_id: String,
1500 | |         recipient: Address,
1501 | |         amount: i128,
1502 | |     ) -> ProgramData {
     | |____________________^

error[E0599]: no method named `with_mut` found for struct `soroban_sdk::ledger::Ledger` in the current scope
    --> src/claim_tests.rs:1046:18
     |
1046 |     env.ledger().with_mut(|l| l.sequence_number = 20);
     |                  ^^^^^^^^ method not found in `soroban_sdk::ledger::Ledger`
     |
    ::: /home/merlinthewhiz/.cargo/registry/src/index.crates.io-1949cf8c6b5b557f/soroban-sdk-22.0.9/src/testutils.rs:284:8
     |
 284 |     fn with_mut<F>(&self, f: F)
     |        -------- the method is available for `soroban_sdk::ledger::Ledger` here
     |
     = help: items from traits can only be used if the trait is in scope
help: trait `Ledger` which provides `with_mut` is implemented but not in scope; perhaps you want to import it
     |
   3 + use soroban_sdk::testutils::Ledger;
     |

error[E0599]: no method named `claim_payout` found for struct `ProgramEscrowContract` in the current scope
    --> src/claim_tests.rs:1048:14
     |
1048 |     contract.claim_payout(&env, program_id.clone(), 0);
     |     ---------^^^^^^^^^^^^-----------------------------
     |     |        |
     |     |        this is an associated function, not a method
     |     help: use associated function syntax instead: `ProgramEscrowContract::claim_payout(&env, program_id.clone(), 0)`
     |
    ::: src/lib.rs:724:1
     |
 724 | pub struct ProgramEscrowContract;
     | -------------------------------- method `claim_payout` not found for this struct
     |
     = note: found the following associated functions; to be used as methods, functions must have a `self` parameter
note: the candidate is defined in an impl for the type `ProgramEscrowContract`
    --> src/lib.rs:1657:5
     |
1657 |     pub fn claim_payout(env: Env, program_id: String, claim_id: u64) -> ProgramData {
     |     ^^^^^^^^^^^^^^^^^^^^^^^^^^^^^^^^^^^^^^^^^^^^^^^^^^^^^^^^^^^^^^^^^^^^^^^^^^^^^^^

error[E0599]: no method named `set_program_claim_config` found for struct `ProgramEscrowContract` in the current scope
    --> src/claim_tests.rs:1058:14
     |
1058 |     contract.set_program_claim_config(&env, program_id.clone(), 100);
     |     ---------^^^^^^^^^^^^^^^^^^^^^^^^-------------------------------
     |     |        |
     |     |        this is an associated function, not a method
     |     help: use associated function syntax instead: `ProgramEscrowContract::set_program_claim_config(&env, program_id.clone(), 100)`
     |
    ::: src/lib.rs:724:1
     |
 724 | pub struct ProgramEscrowContract;
     | -------------------------------- method `set_program_claim_config` not found for this struct
     |
     = note: found the following associated functions; to be used as methods, functions must have a `self` parameter
note: the candidate is defined in an impl for the type `ProgramEscrowContract`
    --> src/lib.rs:1636:5
     |
1636 | /     pub fn set_program_claim_config(
1637 | |         env: Env,
1638 | |         program_id: String,
1639 | |         claim_validity_ledgers: u32,
1640 | |     ) -> ProgramData {
     | |____________________^

error[E0599]: no method named `single_payout` found for struct `ProgramEscrowContract` in the current scope
    --> src/claim_tests.rs:1060:14
     |
1060 |     contract.single_payout(&env, program_id.clone(), recipient.clone(), 50_000_000_000);
     |     ---------^^^^^^^^^^^^^-------------------------------------------------------------
     |     |        |
     |     |        this is an associated function, not a method
     |     help: use associated function syntax instead: `ProgramEscrowContract::single_payout(&env, program_id.clone(), recipient.clone(), 50_000_000_000)`
     |
    ::: src/lib.rs:724:1
     |
 724 | pub struct ProgramEscrowContract;
     | -------------------------------- method `single_payout` not found for this struct
     |
     = note: found the following associated functions; to be used as methods, functions must have a `self` parameter
note: the candidate is defined in an impl for the type `ProgramEscrowContract`
    --> src/lib.rs:1497:5
     |
1497 | /     pub fn single_payout(
1498 | |         env: Env,
1499 | |         program_id: String,
1500 | |         recipient: Address,
1501 | |         amount: i128,
1502 | |     ) -> ProgramData {
     | |____________________^

error[E0599]: no method named `cancel_payout_claim` found for struct `ProgramEscrowContract` in the current scope
    --> src/claim_tests.rs:1063:33
     |
1063 |     let program_data = contract.cancel_payout_claim(&env, program_id.clone(), 0);
     |                        ---------^^^^^^^^^^^^^^^^^^^-----------------------------
     |                        |        |
     |                        |        this is an associated function, not a method
     |                        help: use associated function syntax instead: `ProgramEscrowContract::cancel_payout_claim(&env, program_id.clone(), 0)`
     |
    ::: src/lib.rs:724:1
     |
 724 | pub struct ProgramEscrowContract;
     | -------------------------------- method `cancel_payout_claim` not found for this struct
     |
     = note: found the following associated functions; to be used as methods, functions must have a `self` parameter
note: the candidate is defined in an impl for the type `ProgramEscrowContract`
    --> src/lib.rs:1719:5
     |
1719 |     pub fn cancel_payout_claim(env: Env, program_id: String, claim_id: u64) -> ProgramData {
     |     ^^^^^^^^^^^^^^^^^^^^^^^^^^^^^^^^^^^^^^^^^^^^^^^^^^^^^^^^^^^^^^^^^^^^^^^^^^^^^^^^^^^^^^

warning: use of deprecated method `soroban_sdk::Env::register_stellar_asset_contract`: use [Env::register_stellar_asset_contract_v2]
    --> src/lib.rs:2621:33
     |
2621 |         let token_address = env.register_stellar_asset_contract(admin.clone());
     |                                 ^^^^^^^^^^^^^^^^^^^^^^^^^^^^^^^

warning: use of deprecated method `soroban_sdk::Env::register_contract`: use `register`
    --> src/lib.rs:2668:31
     |
2668 |         let contract_id = env.register_contract(None, ProgramEscrowContract);
     |                               ^^^^^^^^^^^^^^^^^

warning: use of deprecated method `soroban_sdk::Env::register_contract`: use `register`
    --> src/lib.rs:2710:31
     |
2710 |         let contract_id = env.register_contract(None, ProgramEscrowContract);
     |                               ^^^^^^^^^^^^^^^^^

warning: use of deprecated method `soroban_sdk::Env::register_contract`: use `register`
    --> src/lib.rs:2775:31
     |
2775 |         let contract_id = env.register_contract(None, ProgramEscrowContract);
     |                               ^^^^^^^^^^^^^^^^^

warning: use of deprecated method `soroban_sdk::Env::register_contract`: use `register`
    --> src/lib.rs:2831:31
     |
2831 |         let contract_id = env.register_contract(None, ProgramEscrowContract);
     |                               ^^^^^^^^^^^^^^^^^

warning: use of deprecated method `soroban_sdk::Env::register_contract`: use `register`
    --> src/lib.rs:2876:31
     |
2876 |         let contract_id = env.register_contract(None, ProgramEscrowContract);
     |                               ^^^^^^^^^^^^^^^^^

warning: use of deprecated method `soroban_sdk::Env::register_contract`: use `register`
    --> src/lib.rs:2952:31
     |
2952 |         let contract_id = env.register_contract(None, ProgramEscrowContract);
     |                               ^^^^^^^^^^^^^^^^^

warning: use of deprecated method `soroban_sdk::Env::register_contract`: use `register`
    --> src/lib.rs:3039:31
     |
3039 |         let contract_id = env.register_contract(None, ProgramEscrowContract);
     |                               ^^^^^^^^^^^^^^^^^

warning: use of deprecated method `soroban_sdk::Env::register_contract`: use `register`
    --> src/lib.rs:3065:31
     |
3065 |         let contract_id = env.register_contract(None, ProgramEscrowContract);
     |                               ^^^^^^^^^^^^^^^^^

warning: use of deprecated method `soroban_sdk::Env::register_contract`: use `register`
    --> src/lib.rs:3110:31
     |
3110 |         let contract_id = env.register_contract(None, ProgramEscrowContract);
     |                               ^^^^^^^^^^^^^^^^^

warning: use of deprecated method `soroban_sdk::Env::register_contract`: use `register`
    --> src/lib.rs:3128:31
     |
3128 |         let contract_id = env.register_contract(None, ProgramEscrowContract);
     |                               ^^^^^^^^^^^^^^^^^

warning: use of deprecated method `soroban_sdk::Env::register_contract`: use `register`
    --> src/lib.rs:3142:31
     |
3142 |         let contract_id = env.register_contract(None, ProgramEscrowContract);
     |                               ^^^^^^^^^^^^^^^^^

warning: use of deprecated method `soroban_sdk::Env::register_contract`: use `register`
    --> src/lib.rs:3159:31
     |
3159 |         let contract_id = env.register_contract(None, ProgramEscrowContract);
     |                               ^^^^^^^^^^^^^^^^^

warning: use of deprecated method `soroban_sdk::Env::register_contract`: use `register`
    --> src/lib.rs:3183:31
     |
3183 |         let contract_id = env.register_contract(None, ProgramEscrowContract);
     |                               ^^^^^^^^^^^^^^^^^

warning: use of deprecated method `soroban_sdk::Env::register_contract`: use `register`
    --> src/lib.rs:3220:31
     |
3220 |         let contract_id = env.register_contract(None, ProgramEscrowContract);
     |                               ^^^^^^^^^^^^^^^^^

warning: use of deprecated method `soroban_sdk::Env::register_contract`: use `register`
    --> src/lib.rs:3243:31
     |
3243 |         let contract_id = env.register_contract(None, ProgramEscrowContract);
     |                               ^^^^^^^^^^^^^^^^^

warning: use of deprecated method `soroban_sdk::Env::register_contract`: use `register`
    --> src/lib.rs:3265:31
     |
3265 |         let contract_id = env.register_contract(None, ProgramEscrowContract);
     |                               ^^^^^^^^^^^^^^^^^

warning: use of deprecated method `soroban_sdk::Env::register_contract`: use `register`
    --> src/lib.rs:3288:31
     |
3288 |         let contract_id = env.register_contract(None, ProgramEscrowContract);
     |                               ^^^^^^^^^^^^^^^^^

warning: use of deprecated method `soroban_sdk::Env::register_contract`: use `register`
    --> src/lib.rs:3307:31
     |
3307 |         let contract_id = env.register_contract(None, ProgramEscrowContract);
     |                               ^^^^^^^^^^^^^^^^^

warning: use of deprecated method `soroban_sdk::Env::register_contract`: use `register`
    --> src/lib.rs:3335:31
     |
3335 |         let contract_id = env.register_contract(None, ProgramEscrowContract);
     |                               ^^^^^^^^^^^^^^^^^

warning: use of deprecated method `soroban_sdk::Env::register_contract`: use `register`
    --> src/lib.rs:3359:31
     |
3359 |         let contract_id = env.register_contract(None, ProgramEscrowContract);
     |                               ^^^^^^^^^^^^^^^^^

warning: use of deprecated method `soroban_sdk::Env::register_contract`: use `register`
    --> src/lib.rs:3380:31
     |
3380 |         let contract_id = env.register_contract(None, ProgramEscrowContract);
     |                               ^^^^^^^^^^^^^^^^^

warning: use of deprecated method `soroban_sdk::Env::register_contract`: use `register`
    --> src/lib.rs:3401:31
     |
3401 |         let contract_id = env.register_contract(None, ProgramEscrowContract);
     |                               ^^^^^^^^^^^^^^^^^

Some errors have detailed explanations: E0308, E0425, E0599.
For more information about an error, try `rustc --explain E0308`.
warning: `program-escrow` (lib test) generated 30 warnings
error: could not compile `program-escrow` (lib test) due to 144 previous errors; 30 warnings emitted
