warning: unused import: `query_functions::*`
  --> contracts/escrow/src/indexed/mod.rs:11:9
   |
11 | ...se query_functions::*;
   |       ^^^^^^^^^^^^^^^^^^
   |
   = note: `#[warn(unused_imports)]` (part of `#[warn(unused)]`) on by default

warning: value assigned to `total_count` is never read
  --> contracts/escrow/src/indexed/query_functions.rs:86:32
   |
86 | ...2 = 0;
   |        ^
   |
   = help: maybe it is overwritten before being read?
   = note: `#[warn(unused_assignments)]` (part of `#[warn(unused)]`) on by default

warning: irrefutable `if let` pattern
   --> contracts/escrow/src/indexed/query_functions.rs:115:8
    |
115 | ...if let status = &filter.status {
    |       ^^^^^^^^^^^^^^^^^^^^^^^^^^^
    |
    = note: this pattern will always match, so the `if let` is useless
    = help: consider replacing the `if let` with a `let`
    = note: `#[warn(irrefutable_let_patterns)]` on by default

warning: irrefutable `if let` pattern
   --> contracts/escrow/src/indexed/query_functions.rs:192:8
    |
192 | ...if ...ter.status {
    |       ...^^^^^^^^^^
    |
    = note: this pattern will always match, so the `if let` is useless
    = help: consider replacing the `if let` with a `let`

warning: unused variable: `env`
   --> contracts/escrow/src/lib.rs:742:27
    |
742 | ...ze(env: &...
    |       ^^^ help: if this is intentional, prefix it with an underscore: `_env`
    |
    = note: `#[warn(unused_variables)]` (part of `#[warn(unused)]`) on by default

warning: function `validate_metadata_size` is never used
   --> contracts/escrow/src/lib.rs:742:4
    |
742 | fn validate_metadata_size(en...
    |    ^^^^^^^^^^^^^^^^^^^^^^
    |
    = note: `#[warn(dead_code)]` (part of `#[warn(unused)]`) on by default

warning: function `update_bounty_amount` is never used
   --> contracts/escrow/src/indexed/indexed_storage.rs:119:8
    |
119 | ...fn update_bounty_amount(en...
    |       ^^^^^^^^^^^^^^^^^^^^

warning: function `update_bounty_deadline` is never used
   --> contracts/escrow/src/indexed/indexed_storage.rs:142:8
    |
142 | ...fn update_bounty_deadline(en...
    |       ^^^^^^^^^^^^^^^^^^^^^^

warning: function `remove_bounty` is never used
   --> contracts/escrow/src/indexed/indexed_storage.rs:152:8
    |
152 | ...fn remove_bounty(en...
    |       ^^^^^^^^^^^^^

warning: function `bounty_exists` is never used
   --> contracts/escrow/src/indexed/indexed_storage.rs:176:8
    |
176 | ...fn bounty_exists(en...
    |       ^^^^^^^^^^^^^

warning: function `get_depositor_bounty_ids` is never used
   --> contracts/escrow/src/indexed/indexed_storage.rs:182:8
    |
182 | ...fn get_depositor_bounty_ids(en...
    |       ^^^^^^^^^^^^^^^^^^^^^^^^

warning: function `get_status_bounty_ids` is never used
   --> contracts/escrow/src/indexed/indexed_storage.rs:196:8
    |
196 | ...fn get_status_bounty_ids(en...
    |       ^^^^^^^^^^^^^^^^^^^^^

warning: struct `BountyStats` is never constructed
   --> contracts/escrow/src/indexed/query_functions.rs:378:12
    |
378 | ...ct BountyStats {
    |       ^^^^^^^^^^^

warning: function `get_bounty_stats` is never used
   --> contracts/escrow/src/indexed/query_functions.rs:396:8
    |
396 | ...fn get_bounty_stats(en...
    |       ^^^^^^^^^^^^^^^^

warning: function `get_depositor_stats` is never used
   --> contracts/escrow/src/indexed/query_functions.rs:451:8
    |
451 | ...fn get_depositor_stats(en...
    |       ^^^^^^^^^^^^^^^^^^^

warning: struct `DepositorStats` is never constructed
   --> contracts/escrow/src/indexed/query_functions.rs:494:12
    |
494 | ...ct DepositorStats {
    |       ^^^^^^^^^^^^^^

warning: function `get_time_series_data` is never used
   --> contracts/escrow/src/indexed/query_functions.rs:514:8
    |
514 | ...fn get_time_series_data(en...
    |       ^^^^^^^^^^^^^^^^^^^^

   Compiling bounty-escrow v0.0.0 (/home/merlinthewhiz/Documents/grainlify/contracts/bounty_escrow/contracts/escrow)
warning: `bounty-escrow` (lib) generated 17 warnings (run `cargo fix --lib -p bounty-escrow` to apply 2 suggestions)
error[E0433]: failed to resolve: there are too many leading `super` keywords
 --> contracts/escrow/tests/metadata_tests.rs:2:5
  |
2 | use super::*;
  |     ^^^^^ there are too many leading `super` keywords

error[E0425]: cannot find value `BountyEscrowContract` in this scope
 --> contracts/escrow/tests/metadata_tests.rs:8:51
  |
8 |     let contract_id = env.register_contract(None, BountyEscrowContract);
  |                                                   ^^^^^^^^^^^^^^^^^^^^ not found in this scope
  |
help: consider importing this unit struct
  |
2 + use bounty_escrow::BountyEscrowContract;
  |

error[E0433]: failed to resolve: use of undeclared type `BountyEscrowContractClient`
 --> contracts/escrow/tests/metadata_tests.rs:9:18
  |
9 |     let client = BountyEscrowContractClient::new(&env, &contract_id);
  |                  ^^^^^^^^^^^^^^^^^^^^^^^^^^ use of undeclared type `BountyEscrowContractClient`
  |
help: consider importing this struct
  |
2 + use bounty_escrow::BountyEscrowContractClient;
  |

error[E0422]: cannot find struct, variant or union type `EscrowMetadata` in this scope
  --> contracts/escrow/tests/metadata_tests.rs:25:20
   |
25 |     let metadata = EscrowMetadata {
   |                    ^^^^^^^^^^^^^^ not found in this scope
   |
help: consider importing one of these items
   |
 2 + use bounty_escrow::DataKey::EscrowMetadata;
   |
 2 + use bounty_escrow::EscrowMetadata;
   |

error[E0433]: failed to resolve: use of undeclared type `EscrowStatus`
  --> contracts/escrow/tests/metadata_tests.rs:56:48
   |
56 |     assert_eq!(escrow_with_meta.escrow.status, EscrowStatus::Locked);
   |                                                ^^^^^^^^^^^^ use of undeclared type `EscrowStatus`
   |
help: consider importing this enum
   |
 2 + use bounty_escrow::EscrowStatus;
   |

error[E0425]: cannot find value `BountyEscrowContract` in this scope
  --> contracts/escrow/tests/metadata_tests.rs:63:51
   |
63 |     let contract_id = env.register_contract(None, BountyEscrowContract);
   |                                                   ^^^^^^^^^^^^^^^^^^^^ not found in this scope
   |
help: consider importing this unit struct
   |
 2 + use bounty_escrow::BountyEscrowContract;
   |

error[E0433]: failed to resolve: use of undeclared type `BountyEscrowContractClient`
  --> contracts/escrow/tests/metadata_tests.rs:64:18
   |
64 |     let client = BountyEscrowContractClient::new(&env, &contract_id);
   |                  ^^^^^^^^^^^^^^^^^^^^^^^^^^ use of undeclared type `BountyEscrowContractClient`
   |
help: consider importing this struct
   |
 2 + use bounty_escrow::BountyEscrowContractClient;
   |

error[E0422]: cannot find struct, variant or union type `EscrowMetadata` in this scope
  --> contracts/escrow/tests/metadata_tests.rs:81:20
   |
81 |     let metadata = EscrowMetadata {
   |                    ^^^^^^^^^^^^^^ not found in this scope
   |
help: consider importing one of these items
   |
 2 + use bounty_escrow::DataKey::EscrowMetadata;
   |
 2 + use bounty_escrow::EscrowMetadata;
   |

error[E0425]: cannot find value `BountyEscrowContract` in this scope
  --> contracts/escrow/tests/metadata_tests.rs:97:51
   |
97 |     let contract_id = env.register_contract(None, BountyEscrowContract);
   |                                                   ^^^^^^^^^^^^^^^^^^^^ not found in this scope
   |
help: consider importing this unit struct
   |
 2 + use bounty_escrow::BountyEscrowContract;
   |

error[E0433]: failed to resolve: use of undeclared type `BountyEscrowContractClient`
  --> contracts/escrow/tests/metadata_tests.rs:98:18
   |
98 |     let client = BountyEscrowContractClient::new(&env, &contract_id);
   |                  ^^^^^^^^^^^^^^^^^^^^^^^^^^ use of undeclared type `BountyEscrowContractClient`
   |
help: consider importing this struct
   |
 2 + use bounty_escrow::BountyEscrowContractClient;
   |

error[E0422]: cannot find struct, variant or union type `EscrowMetadata` in this scope
   --> contracts/escrow/tests/metadata_tests.rs:119:30
    |
119 |     let oversized_metadata = EscrowMetadata {
    |                              ^^^^^^^^^^^^^^ not found in this scope
    |
help: consider importing one of these items
    |
  2 + use bounty_escrow::DataKey::EscrowMetadata;
    |
  2 + use bounty_escrow::EscrowMetadata;
    |

error[E0433]: failed to resolve: use of undeclared type `Error`
   --> contracts/escrow/tests/metadata_tests.rs:130:46
    |
130 |     assert_eq!(result.unwrap_err().unwrap(), Error::MetadataTooLarge);
    |                                              ^^^^^ use of undeclared type `Error`
    |
help: consider importing one of these items
    |
  2 + use std::error::Error;
    |
  2 + use std::fmt::Error;
    |
  2 + use std::io::Error;
    |
  2 + use core::error::Error;
    |
    = and 5 other candidates

error[E0425]: cannot find value `BountyEscrowContract` in this scope
   --> contracts/escrow/tests/metadata_tests.rs:136:51
    |
136 |     let contract_id = env.register_contract(None, BountyEscrowContract);
    |                                                   ^^^^^^^^^^^^^^^^^^^^ not found in this scope
    |
help: consider importing this unit struct
    |
  2 + use bounty_escrow::BountyEscrowContract;
    |

error[E0433]: failed to resolve: use of undeclared type `BountyEscrowContractClient`
   --> contracts/escrow/tests/metadata_tests.rs:137:18
    |
137 |     let client = BountyEscrowContractClient::new(&env, &contract_id);
    |                  ^^^^^^^^^^^^^^^^^^^^^^^^^^ use of undeclared type `BountyEscrowContractClient`
    |
help: consider importing this struct
    |
  2 + use bounty_escrow::BountyEscrowContractClient;
    |

error[E0422]: cannot find struct, variant or union type `EscrowMetadata` in this scope
   --> contracts/escrow/tests/metadata_tests.rs:153:28
    |
153 |     let partial_metadata = EscrowMetadata {
    |                            ^^^^^^^^^^^^^^ not found in this scope
    |
help: consider importing one of these items
    |
  2 + use bounty_escrow::DataKey::EscrowMetadata;
    |
  2 + use bounty_escrow::EscrowMetadata;
    |

error[E0425]: cannot find value `BountyEscrowContract` in this scope
   --> contracts/escrow/tests/metadata_tests.rs:170:51
    |
170 |     let contract_id = env.register_contract(None, BountyEscrowContract);
    |                                                   ^^^^^^^^^^^^^^^^^^^^ not found in this scope
    |
help: consider importing this unit struct
    |
  2 + use bounty_escrow::BountyEscrowContract;
    |

error[E0433]: failed to resolve: use of undeclared type `BountyEscrowContractClient`
   --> contracts/escrow/tests/metadata_tests.rs:171:18
    |
171 |     let client = BountyEscrowContractClient::new(&env, &contract_id);
    |                  ^^^^^^^^^^^^^^^^^^^^^^^^^^ use of undeclared type `BountyEscrowContractClient`
    |
help: consider importing this struct
    |
  2 + use bounty_escrow::BountyEscrowContractClient;
    |

error[E0433]: failed to resolve: use of undeclared type `Error`
   --> contracts/escrow/tests/metadata_tests.rs:181:46
    |
181 |     assert_eq!(result.unwrap_err().unwrap(), Error::BountyNotFound);
    |                                              ^^^^^ use of undeclared type `Error`
    |
help: consider importing one of these items
    |
  2 + use std::error::Error;
    |
  2 + use std::fmt::Error;
    |
  2 + use std::io::Error;
    |
  2 + use core::error::Error;
    |
    = and 5 other candidates

error[E0422]: cannot find struct, variant or union type `EscrowMetadata` in this scope
   --> contracts/escrow/tests/metadata_tests.rs:184:20
    |
184 |     let metadata = EscrowMetadata {
    |                    ^^^^^^^^^^^^^^ not found in this scope
    |
help: consider importing one of these items
    |
  2 + use bounty_escrow::DataKey::EscrowMetadata;
    |
  2 + use bounty_escrow::EscrowMetadata;
    |

error[E0433]: failed to resolve: use of undeclared type `Error`
   --> contracts/escrow/tests/metadata_tests.rs:194:46
    |
194 |     assert_eq!(result.unwrap_err().unwrap(), Error::BountyNotFound);
    |                                              ^^^^^ use of undeclared type `Error`
    |
help: consider importing one of these items
    |
  2 + use std::error::Error;
    |
  2 + use std::fmt::Error;
    |
  2 + use std::io::Error;
    |
  2 + use core::error::Error;
    |
    = and 5 other candidates

error[E0308]: mismatched types
  --> contracts/escrow/tests/metadata_tests.rs:31:13
   |
31 |             String::from_str(&env, "priority-high"),
   |             ^^^^^^^^^^^^^^^^^^^^^^^^^^^^^^^^^^^^^^^ expected `&Env`, found `String`

Some errors have detailed explanations: E0308, E0422, E0425, E0433.
For more information about an error, try `rustc --explain E0308`.
error: could not compile `bounty-escrow` (test "metadata_tests") due to 21 previous errors
warning: build failed, waiting for other jobs to finish...
warning: unused import: `query_functions::*`
  --> contracts/escrow/src/indexed/mod.rs:11:9
   |
11 | pub use query_functions::*;
   |         ^^^^^^^^^^^^^^^^^^
   |
   = note: `#[warn(unused_imports)]` (part of `#[warn(unused)]`) on by default

warning: unused import: `Vec`
  --> contracts/escrow/src/test_fuzz_properties.rs:12:31
   |
12 |     token, vec, Address, Env, Vec,
   |                               ^^^

error[E0599]: no method named `set_sequence` found for struct `soroban_sdk::ledger::Ledger` in the current scope
   --> contracts/escrow/src/test_bounty_escrow.rs:934:18
    |
934 |     env.ledger().set_sequence(20);
    |                  ^^^^^^^^^^^^
    |
help: there is a method `sequence` with a similar name, but with different arguments
   --> /home/merlinthewhiz/.cargo/registry/src/index.crates.io-1949cf8c6b5b557f/soroban-sdk-21.7.7/src/ledger.rs:65:5
    |
 65 |     pub fn sequence(&self) -> u32 {
    |     ^^^^^^^^^^^^^^^^^^^^^^^^^^^^^

warning: use of deprecated method `soroban_sdk::Env::register_stellar_asset_contract`: use [Env::register_stellar_asset_contract_v2]
  --> contracts/escrow/src/test_fuzz_properties.rs:23:30
   |
23 |     let contract_address = e.register_stellar_asset_contract(admin.clone());
   |                              ^^^^^^^^^^^^^^^^^^^^^^^^^^^^^^^
   |
   = note: `#[warn(deprecated)]` on by default

warning: use of deprecated method `soroban_sdk::Env::register_stellar_asset_contract`: use [Env::register_stellar_asset_contract_v2]
  --> contracts/escrow/src/test_edge_cases.rs:18:30
   |
18 |     let contract_address = e.register_stellar_asset_contract(admin.clone());
   |                              ^^^^^^^^^^^^^^^^^^^^^^^^^^^^^^^

warning: use of deprecated method `soroban_sdk::Env::register_stellar_asset_contract`: use [Env::register_stellar_asset_contract_v2]
  --> contracts/escrow/src/test_invalid_inputs.rs:19:30
   |
19 |     let contract_address = e.register_stellar_asset_contract(admin.clone());
   |                              ^^^^^^^^^^^^^^^^^^^^^^^^^^^^^^^

warning: use of deprecated method `soroban_sdk::Env::register_stellar_asset_contract`: use [Env::register_stellar_asset_contract_v2]
 --> contracts/escrow/src/pause_tests.rs:7:24
  |
7 |         let addr = env.register_stellar_asset_contract(admin.clone());
  |                        ^^^^^^^^^^^^^^^^^^^^^^^^^^^^^^^

warning: value assigned to `total_count` is never read
  --> contracts/escrow/src/indexed/query_functions.rs:86:32
   |
86 |     let mut total_count: u32 = 0;
   |                                ^
   |
   = help: maybe it is overwritten before being read?
   = note: `#[warn(unused_assignments)]` (part of `#[warn(unused)]`) on by default

warning: irrefutable `if let` pattern
   --> contracts/escrow/src/indexed/query_functions.rs:115:8
    |
115 |     if let status = &filter.status {
    |        ^^^^^^^^^^^^^^^^^^^^^^^^^^^
    |
    = note: this pattern will always match, so the `if let` is useless
    = help: consider replacing the `if let` with a `let`
    = note: `#[warn(irrefutable_let_patterns)]` on by default

warning: irrefutable `if let` pattern
   --> contracts/escrow/src/indexed/query_functions.rs:192:8
    |
192 |     if let ref status = filter.status {
    |        ^^^^^^^^^^^^^^^^^^^^^^^^^^^^^^
    |
    = note: this pattern will always match, so the `if let` is useless
    = help: consider replacing the `if let` with a `let`

warning: unused variable: `contract_id`
   --> contracts/escrow/src/test_bounty_escrow.rs:660:23
    |
660 |     let (env, client, contract_id) = create_test_env();
    |                       ^^^^^^^^^^^ help: if this is intentional, prefix it with an underscore: `_contract_id`
    |
    = note: `#[warn(unused_variables)]` (part of `#[warn(unused)]`) on by default

warning: unused variable: `token_client`
   --> contracts/escrow/src/test_bounty_escrow.rs:666:25
    |
666 |     let (token_address, token_client, token_admin) = create_token_contract(&env, &admin);
    |                         ^^^^^^^^^^^^ help: if this is intentional, prefix it with an underscore: `_token_client`

warning: unused variable: `token_admin`
   --> contracts/escrow/src/test_bounty_escrow.rs:666:39
    |
666 |     let (token_address, token_client, token_admin) = create_token_contract(&env, &admin);
    |                                       ^^^^^^^^^^^ help: if this is intentional, prefix it with an underscore: `_token_admin`

warning: unused variable: `env`
   --> contracts/escrow/src/lib.rs:742:27
    |
742 | fn validate_metadata_size(env: &Env, metadata: &EscrowMetadata) -> bool {
    |                           ^^^ help: if this is intentional, prefix it with an underscore: `_env`

warning: unused variable: `result`
   --> contracts/escrow/src/test_edge_cases.rs:478:9
    |
478 |     let result = setup.escrow.try_release_funds(&bounty_id, &contract_address);
    |         ^^^^^^ help: if this is intentional, prefix it with an underscore: `_result`

warning: unused variable: `setup`
   --> contracts/escrow/src/test_edge_cases.rs:566:9
    |
566 |     let setup = EdgeCaseTestSetup::new();
    |         ^^^^^ help: if this is intentional, prefix it with an underscore: `_setup`

warning: unused variable: `escrow`
   --> contracts/escrow/src/test_edge_cases.rs:570:9
    |
570 |     let escrow = create_escrow_contract(&env);
    |         ^^^^^^ help: if this is intentional, prefix it with an underscore: `_escrow`

warning: unused variable: `token`
  --> contracts/escrow/src/test_invalid_inputs.rs:84:10
   |
84 |     let (token, token_admin) = create_token_contract(&env, &admin);
   |          ^^^^^ help: if this is intentional, prefix it with an underscore: `_token`

For more information about this error, try `rustc --explain E0599`.
warning: `bounty-escrow` (lib test) generated 17 warnings
error: could not compile `bounty-escrow` (lib test) due to 1 previous error; 17 warnings emitted
